Determining if the function sgemm_ exists failed with the following output:
Change Dir: /home/ravi/capstone-drone-project/build/gps_approx_pkg/CMakeFiles/CMakeTmp

Run Build Command(s):/usr/bin/gmake -f Makefile cmTC_d16ed/fast && /usr/bin/gmake  -f CMakeFiles/cmTC_d16ed.dir/build.make CMakeFiles/cmTC_d16ed.dir/build
gmake[1]: Entering directory '/home/ravi/capstone-drone-project/build/gps_approx_pkg/CMakeFiles/CMakeTmp'
Building C object CMakeFiles/cmTC_d16ed.dir/CheckFunctionExists.c.o
/usr/bin/cc   -DCHECK_FUNCTION_EXISTS=sgemm_ -o CMakeFiles/cmTC_d16ed.dir/CheckFunctionExists.c.o -c /usr/share/cmake-3.22/Modules/CheckFunctionExists.c
Linking C executable cmTC_d16ed
/usr/bin/cmake -E cmake_link_script CMakeFiles/cmTC_d16ed.dir/link.txt --verbose=1
/usr/bin/cc  -DCHECK_FUNCTION_EXISTS=sgemm_ CMakeFiles/cmTC_d16ed.dir/CheckFunctionExists.c.o -o cmTC_d16ed 
/usr/bin/ld: CMakeFiles/cmTC_d16ed.dir/CheckFunctionExists.c.o: in function `main':
CheckFunctionExists.c:(.text+0x14): undefined reference to `sgemm_'
collect2: error: ld returned 1 exit status
gmake[1]: *** [CMakeFiles/cmTC_d16ed.dir/build.make:99: cmTC_d16ed] Error 1
gmake[1]: Leaving directory '/home/ravi/capstone-drone-project/build/gps_approx_pkg/CMakeFiles/CMakeTmp'
gmake: *** [Makefile:127: cmTC_d16ed/fast] Error 2



Determining if the function cheev_ exists failed with the following output:
Change Dir: /home/ravi/capstone-drone-project/build/gps_approx_pkg/CMakeFiles/CMakeTmp

Run Build Command(s):/usr/bin/gmake -f Makefile cmTC_cfa2e/fast && /usr/bin/gmake  -f CMakeFiles/cmTC_cfa2e.dir/build.make CMakeFiles/cmTC_cfa2e.dir/build
gmake[1]: Entering directory '/home/ravi/capstone-drone-project/build/gps_approx_pkg/CMakeFiles/CMakeTmp'
Building C object CMakeFiles/cmTC_cfa2e.dir/CheckFunctionExists.c.o
/usr/bin/cc   -DCHECK_FUNCTION_EXISTS=cheev_ -o CMakeFiles/cmTC_cfa2e.dir/CheckFunctionExists.c.o -c /usr/share/cmake-3.22/Modules/CheckFunctionExists.c
Linking C executable cmTC_cfa2e
/usr/bin/cmake -E cmake_link_script CMakeFiles/cmTC_cfa2e.dir/link.txt --verbose=1
/usr/bin/cc  -DCHECK_FUNCTION_EXISTS=cheev_ CMakeFiles/cmTC_cfa2e.dir/CheckFunctionExists.c.o -o cmTC_cfa2e  /usr/lib/x86_64-linux-gnu/libblas.so /usr/lib/x86_64-linux-gnu/libf77blas.so /usr/lib/x86_64-linux-gnu/libatlas.so -lm -ldl 
/usr/bin/ld: CMakeFiles/cmTC_cfa2e.dir/CheckFunctionExists.c.o: in function `main':
CheckFunctionExists.c:(.text+0x14): undefined reference to `cheev_'
collect2: error: ld returned 1 exit status
gmake[1]: *** [CMakeFiles/cmTC_cfa2e.dir/build.make:102: cmTC_cfa2e] Error 1
gmake[1]: Leaving directory '/home/ravi/capstone-drone-project/build/gps_approx_pkg/CMakeFiles/CMakeTmp'
gmake: *** [Makefile:127: cmTC_cfa2e/fast] Error 2



Determining if the function cheev_ exists failed with the following output:
Change Dir: /home/ravi/capstone-drone-project/build/gps_approx_pkg/CMakeFiles/CMakeTmp

Run Build Command(s):/usr/bin/gmake -f Makefile cmTC_489ca/fast && /usr/bin/gmake  -f CMakeFiles/cmTC_489ca.dir/build.make CMakeFiles/cmTC_489ca.dir/build
gmake[1]: Entering directory '/home/ravi/capstone-drone-project/build/gps_approx_pkg/CMakeFiles/CMakeTmp'
Building C object CMakeFiles/cmTC_489ca.dir/CheckFunctionExists.c.o
/usr/bin/cc   -DCHECK_FUNCTION_EXISTS=cheev_ -o CMakeFiles/cmTC_489ca.dir/CheckFunctionExists.c.o -c /usr/share/cmake-3.22/Modules/CheckFunctionExists.c
Linking C executable cmTC_489ca
/usr/bin/cmake -E cmake_link_script CMakeFiles/cmTC_489ca.dir/link.txt --verbose=1
/usr/bin/cc  -DCHECK_FUNCTION_EXISTS=cheev_ CMakeFiles/cmTC_489ca.dir/CheckFunctionExists.c.o -o cmTC_489ca  /usr/lib/x86_64-linux-gnu/liblapack.so /usr/lib/x86_64-linux-gnu/libblas.so /usr/lib/x86_64-linux-gnu/libf77blas.so /usr/lib/x86_64-linux-gnu/libatlas.so -fortranlibs 
cc: error: unrecognized command-line option ‘-fortranlibs’
gmake[1]: *** [CMakeFiles/cmTC_489ca.dir/build.make:103: cmTC_489ca] Error 1
gmake[1]: Leaving directory '/home/ravi/capstone-drone-project/build/gps_approx_pkg/CMakeFiles/CMakeTmp'
gmake: *** [Makefile:127: cmTC_489ca/fast] Error 2



