[0.366s] DEBUG:colcon:Command line arguments: ['/usr/bin/colcon', 'build']
[0.366s] DEBUG:colcon:Parsed command line arguments: Namespace(log_base=None, log_level=None, verb_name='build', build_base='build', install_base='install', merge_install=False, symlink_install=False, test_result_base=None, continue_on_error=False, executor='parallel', parallel_workers=4, event_handlers=None, ignore_user_meta=False, metas=['./colcon.meta'], base_paths=['.'], packages_ignore=None, packages_ignore_regex=None, paths=None, packages_up_to=None, packages_up_to_regex=None, packages_above=None, packages_above_and_dependencies=None, packages_above_depth=None, packages_select_by_dep=None, packages_skip_by_dep=None, packages_skip_up_to=None, packages_select_build_failed=False, packages_skip_build_finished=False, packages_select_test_failures=False, packages_skip_test_passed=False, packages_select=None, packages_skip=None, packages_select_regex=None, packages_skip_regex=None, packages_start=None, packages_end=None, allow_overriding=[], cmake_args=None, cmake_target=None, cmake_target_skip_unavailable=False, cmake_clean_cache=False, cmake_clean_first=False, cmake_force_configure=False, ament_cmake_args=None, catkin_cmake_args=None, catkin_skip_building_tests=False, mixin_files=None, mixin=None, verb_parser=<colcon_mixin.mixin.mixin_argument.MixinArgumentDecorator object at 0x790b3fb662f0>, verb_extension=<colcon_core.verb.build.BuildVerb object at 0x790b3fc5f310>, main=<bound method BuildVerb.main of <colcon_core.verb.build.BuildVerb object at 0x790b3fc5f310>>, mixin_verb=('build',))
[0.789s] Level 1:colcon.colcon_core.package_discovery:discover_packages(colcon_meta) check parameters
[0.789s] Level 1:colcon.colcon_core.package_discovery:discover_packages(recursive) check parameters
[0.789s] Level 1:colcon.colcon_core.package_discovery:discover_packages(ignore) check parameters
[0.789s] Level 1:colcon.colcon_core.package_discovery:discover_packages(path) check parameters
[0.789s] Level 1:colcon.colcon_core.package_discovery:discover_packages(colcon_meta) discover
[0.789s] Level 1:colcon.colcon_core.package_discovery:discover_packages(recursive) discover
[0.789s] INFO:colcon.colcon_core.package_discovery:Crawling recursively for packages in '/home/ravi/capstone-drone-project'
[0.789s] Level 1:colcon.colcon_core.package_identification:_identify(.) by extensions ['ignore', 'ignore_ament_install']
[0.789s] Level 1:colcon.colcon_core.package_identification:_identify(.) by extension 'ignore'
[0.789s] Level 1:colcon.colcon_core.package_identification:_identify(.) by extension 'ignore_ament_install'
[0.789s] Level 1:colcon.colcon_core.package_identification:_identify(.) by extensions ['colcon_pkg']
[0.790s] Level 1:colcon.colcon_core.package_identification:_identify(.) by extension 'colcon_pkg'
[0.790s] Level 1:colcon.colcon_core.package_identification:_identify(.) by extensions ['colcon_meta']
[0.790s] Level 1:colcon.colcon_core.package_identification:_identify(.) by extension 'colcon_meta'
[0.790s] Level 1:colcon.colcon_core.package_identification:_identify(.) by extensions ['ros']
[0.790s] Level 1:colcon.colcon_core.package_identification:_identify(.) by extension 'ros'
[0.813s] Level 1:colcon.colcon_core.package_identification:_identify(.) by extensions ['cmake', 'python']
[0.814s] Level 1:colcon.colcon_core.package_identification:_identify(.) by extension 'cmake'
[0.814s] Level 1:colcon.colcon_core.package_identification:_identify(.) by extension 'python'
[0.814s] Level 1:colcon.colcon_core.package_identification:_identify(.) by extensions ['python_setup_py']
[0.814s] Level 1:colcon.colcon_core.package_identification:_identify(.) by extension 'python_setup_py'
[0.814s] Level 1:colcon.colcon_core.package_identification:_identify(YOLO_pkg) by extensions ['ignore', 'ignore_ament_install']
[0.815s] Level 1:colcon.colcon_core.package_identification:_identify(YOLO_pkg) by extension 'ignore'
[0.815s] Level 1:colcon.colcon_core.package_identification:_identify(YOLO_pkg) by extension 'ignore_ament_install'
[0.815s] Level 1:colcon.colcon_core.package_identification:_identify(YOLO_pkg) by extensions ['colcon_pkg']
[0.815s] Level 1:colcon.colcon_core.package_identification:_identify(YOLO_pkg) by extension 'colcon_pkg'
[0.815s] Level 1:colcon.colcon_core.package_identification:_identify(YOLO_pkg) by extensions ['colcon_meta']
[0.815s] Level 1:colcon.colcon_core.package_identification:_identify(YOLO_pkg) by extension 'colcon_meta'
[0.815s] Level 1:colcon.colcon_core.package_identification:_identify(YOLO_pkg) by extensions ['ros']
[0.815s] Level 1:colcon.colcon_core.package_identification:_identify(YOLO_pkg) by extension 'ros'
[0.815s] Level 1:colcon.colcon_core.package_identification:_identify(YOLO_pkg) by extensions ['cmake', 'python']
[0.815s] Level 1:colcon.colcon_core.package_identification:_identify(YOLO_pkg) by extension 'cmake'
[0.815s] Level 1:colcon.colcon_core.package_identification:_identify(YOLO_pkg) by extension 'python'
[0.815s] Level 1:colcon.colcon_core.package_identification:_identify(YOLO_pkg) by extensions ['python_setup_py']
[0.815s] Level 1:colcon.colcon_core.package_identification:_identify(YOLO_pkg) by extension 'python_setup_py'
[0.815s] Level 1:colcon.colcon_core.package_identification:_identify(build) by extensions ['ignore', 'ignore_ament_install']
[0.815s] Level 1:colcon.colcon_core.package_identification:_identify(build) by extension 'ignore'
[0.816s] Level 1:colcon.colcon_core.package_identification:_identify(build) ignored
[0.816s] Level 1:colcon.colcon_core.package_identification:_identify(install) by extensions ['ignore', 'ignore_ament_install']
[0.816s] Level 1:colcon.colcon_core.package_identification:_identify(install) by extension 'ignore'
[0.816s] Level 1:colcon.colcon_core.package_identification:_identify(install) ignored
[0.816s] Level 1:colcon.colcon_core.package_identification:_identify(log) by extensions ['ignore', 'ignore_ament_install']
[0.816s] Level 1:colcon.colcon_core.package_identification:_identify(log) by extension 'ignore'
[0.816s] Level 1:colcon.colcon_core.package_identification:_identify(log) ignored
[0.816s] Level 1:colcon.colcon_core.package_identification:_identify(ros2_ws) by extensions ['ignore', 'ignore_ament_install']
[0.816s] Level 1:colcon.colcon_core.package_identification:_identify(ros2_ws) by extension 'ignore'
[0.816s] Level 1:colcon.colcon_core.package_identification:_identify(ros2_ws) by extension 'ignore_ament_install'
[0.816s] Level 1:colcon.colcon_core.package_identification:_identify(ros2_ws) by extensions ['colcon_pkg']
[0.816s] Level 1:colcon.colcon_core.package_identification:_identify(ros2_ws) by extension 'colcon_pkg'
[0.817s] Level 1:colcon.colcon_core.package_identification:_identify(ros2_ws) by extensions ['colcon_meta']
[0.817s] Level 1:colcon.colcon_core.package_identification:_identify(ros2_ws) by extension 'colcon_meta'
[0.817s] Level 1:colcon.colcon_core.package_identification:_identify(ros2_ws) by extensions ['ros']
[0.817s] Level 1:colcon.colcon_core.package_identification:_identify(ros2_ws) by extension 'ros'
[0.817s] Level 1:colcon.colcon_core.package_identification:_identify(ros2_ws) by extensions ['cmake', 'python']
[0.817s] Level 1:colcon.colcon_core.package_identification:_identify(ros2_ws) by extension 'cmake'
[0.817s] Level 1:colcon.colcon_core.package_identification:_identify(ros2_ws) by extension 'python'
[0.817s] Level 1:colcon.colcon_core.package_identification:_identify(ros2_ws) by extensions ['python_setup_py']
[0.817s] Level 1:colcon.colcon_core.package_identification:_identify(ros2_ws) by extension 'python_setup_py'
[0.818s] Level 1:colcon.colcon_core.package_identification:_identify(ros2_ws/build) by extensions ['ignore', 'ignore_ament_install']
[0.818s] Level 1:colcon.colcon_core.package_identification:_identify(ros2_ws/build) by extension 'ignore'
[0.819s] Level 1:colcon.colcon_core.package_identification:_identify(ros2_ws/build) ignored
[0.819s] Level 1:colcon.colcon_core.package_identification:_identify(ros2_ws/install) by extensions ['ignore', 'ignore_ament_install']
[0.819s] Level 1:colcon.colcon_core.package_identification:_identify(ros2_ws/install) by extension 'ignore'
[0.819s] Level 1:colcon.colcon_core.package_identification:_identify(ros2_ws/install) ignored
[0.821s] Level 1:colcon.colcon_core.package_identification:_identify(ros2_ws/log) by extensions ['ignore', 'ignore_ament_install']
[0.821s] Level 1:colcon.colcon_core.package_identification:_identify(ros2_ws/log) by extension 'ignore'
[0.821s] Level 1:colcon.colcon_core.package_identification:_identify(ros2_ws/log) ignored
[0.821s] Level 1:colcon.colcon_core.package_identification:_identify(ros2_ws/px4_msgs) by extensions ['ignore', 'ignore_ament_install']
[0.821s] Level 1:colcon.colcon_core.package_identification:_identify(ros2_ws/px4_msgs) by extension 'ignore'
[0.822s] Level 1:colcon.colcon_core.package_identification:_identify(ros2_ws/px4_msgs) by extension 'ignore_ament_install'
[0.822s] Level 1:colcon.colcon_core.package_identification:_identify(ros2_ws/px4_msgs) by extensions ['colcon_pkg']
[0.822s] Level 1:colcon.colcon_core.package_identification:_identify(ros2_ws/px4_msgs) by extension 'colcon_pkg'
[0.822s] Level 1:colcon.colcon_core.package_identification:_identify(ros2_ws/px4_msgs) by extensions ['colcon_meta']
[0.822s] Level 1:colcon.colcon_core.package_identification:_identify(ros2_ws/px4_msgs) by extension 'colcon_meta'
[0.822s] Level 1:colcon.colcon_core.package_identification:_identify(ros2_ws/px4_msgs) by extensions ['ros']
[0.822s] Level 1:colcon.colcon_core.package_identification:_identify(ros2_ws/px4_msgs) by extension 'ros'
[0.829s] DEBUG:colcon.colcon_core.package_identification:Package 'ros2_ws/px4_msgs' with type 'ros.ament_cmake' and name 'px4_msgs'
[0.829s] Level 1:colcon.colcon_core.package_identification:_identify(ros2_ws/src) by extensions ['ignore', 'ignore_ament_install']
[0.829s] Level 1:colcon.colcon_core.package_identification:_identify(ros2_ws/src) by extension 'ignore'
[0.829s] Level 1:colcon.colcon_core.package_identification:_identify(ros2_ws/src) by extension 'ignore_ament_install'
[0.829s] Level 1:colcon.colcon_core.package_identification:_identify(ros2_ws/src) by extensions ['colcon_pkg']
[0.829s] Level 1:colcon.colcon_core.package_identification:_identify(ros2_ws/src) by extension 'colcon_pkg'
[0.829s] Level 1:colcon.colcon_core.package_identification:_identify(ros2_ws/src) by extensions ['colcon_meta']
[0.829s] Level 1:colcon.colcon_core.package_identification:_identify(ros2_ws/src) by extension 'colcon_meta'
[0.829s] Level 1:colcon.colcon_core.package_identification:_identify(ros2_ws/src) by extensions ['ros']
[0.829s] Level 1:colcon.colcon_core.package_identification:_identify(ros2_ws/src) by extension 'ros'
[0.829s] Level 1:colcon.colcon_core.package_identification:_identify(ros2_ws/src) by extensions ['cmake', 'python']
[0.830s] Level 1:colcon.colcon_core.package_identification:_identify(ros2_ws/src) by extension 'cmake'
[0.830s] Level 1:colcon.colcon_core.package_identification:_identify(ros2_ws/src) by extension 'python'
[0.830s] Level 1:colcon.colcon_core.package_identification:_identify(ros2_ws/src) by extensions ['python_setup_py']
[0.830s] Level 1:colcon.colcon_core.package_identification:_identify(ros2_ws/src) by extension 'python_setup_py'
[0.830s] Level 1:colcon.colcon_core.package_identification:_identify(ros2_ws/src/gps_approx_pkg) by extensions ['ignore', 'ignore_ament_install']
[0.830s] Level 1:colcon.colcon_core.package_identification:_identify(ros2_ws/src/gps_approx_pkg) by extension 'ignore'
[0.831s] Level 1:colcon.colcon_core.package_identification:_identify(ros2_ws/src/gps_approx_pkg) by extension 'ignore_ament_install'
[0.831s] Level 1:colcon.colcon_core.package_identification:_identify(ros2_ws/src/gps_approx_pkg) by extensions ['colcon_pkg']
[0.831s] Level 1:colcon.colcon_core.package_identification:_identify(ros2_ws/src/gps_approx_pkg) by extension 'colcon_pkg'
[0.831s] Level 1:colcon.colcon_core.package_identification:_identify(ros2_ws/src/gps_approx_pkg) by extensions ['colcon_meta']
[0.831s] Level 1:colcon.colcon_core.package_identification:_identify(ros2_ws/src/gps_approx_pkg) by extension 'colcon_meta'
[0.831s] Level 1:colcon.colcon_core.package_identification:_identify(ros2_ws/src/gps_approx_pkg) by extensions ['ros']
[0.831s] Level 1:colcon.colcon_core.package_identification:_identify(ros2_ws/src/gps_approx_pkg) by extension 'ros'
[0.835s] DEBUG:colcon.colcon_core.package_identification:Package 'ros2_ws/src/gps_approx_pkg' with type 'ros.ament_cmake' and name 'gps_approx_pkg'
[0.835s] Level 1:colcon.colcon_core.package_identification:_identify(ros2_ws/src/gst_publisher_pkg) by extensions ['ignore', 'ignore_ament_install']
[0.836s] Level 1:colcon.colcon_core.package_identification:_identify(ros2_ws/src/gst_publisher_pkg) by extension 'ignore'
[0.836s] Level 1:colcon.colcon_core.package_identification:_identify(ros2_ws/src/gst_publisher_pkg) by extension 'ignore_ament_install'
[0.836s] Level 1:colcon.colcon_core.package_identification:_identify(ros2_ws/src/gst_publisher_pkg) by extensions ['colcon_pkg']
[0.836s] Level 1:colcon.colcon_core.package_identification:_identify(ros2_ws/src/gst_publisher_pkg) by extension 'colcon_pkg'
[0.836s] Level 1:colcon.colcon_core.package_identification:_identify(ros2_ws/src/gst_publisher_pkg) by extensions ['colcon_meta']
[0.836s] Level 1:colcon.colcon_core.package_identification:_identify(ros2_ws/src/gst_publisher_pkg) by extension 'colcon_meta'
[0.836s] Level 1:colcon.colcon_core.package_identification:_identify(ros2_ws/src/gst_publisher_pkg) by extensions ['ros']
[0.836s] Level 1:colcon.colcon_core.package_identification:_identify(ros2_ws/src/gst_publisher_pkg) by extension 'ros'
[0.838s] DEBUG:colcon.colcon_core.package_identification:Package 'ros2_ws/src/gst_publisher_pkg' with type 'ros.ament_cmake' and name 'gst_publisher_pkg'
[0.838s] Level 1:colcon.colcon_core.package_identification:_identify(ros2_ws/src/pixel_msgs) by extensions ['ignore', 'ignore_ament_install']
[0.838s] Level 1:colcon.colcon_core.package_identification:_identify(ros2_ws/src/pixel_msgs) by extension 'ignore'
[0.838s] Level 1:colcon.colcon_core.package_identification:_identify(ros2_ws/src/pixel_msgs) by extension 'ignore_ament_install'
[0.839s] Level 1:colcon.colcon_core.package_identification:_identify(ros2_ws/src/pixel_msgs) by extensions ['colcon_pkg']
[0.839s] Level 1:colcon.colcon_core.package_identification:_identify(ros2_ws/src/pixel_msgs) by extension 'colcon_pkg'
[0.839s] Level 1:colcon.colcon_core.package_identification:_identify(ros2_ws/src/pixel_msgs) by extensions ['colcon_meta']
[0.839s] Level 1:colcon.colcon_core.package_identification:_identify(ros2_ws/src/pixel_msgs) by extension 'colcon_meta'
[0.839s] Level 1:colcon.colcon_core.package_identification:_identify(ros2_ws/src/pixel_msgs) by extensions ['ros']
[0.839s] Level 1:colcon.colcon_core.package_identification:_identify(ros2_ws/src/pixel_msgs) by extension 'ros'
[0.841s] DEBUG:colcon.colcon_core.package_identification:Package 'ros2_ws/src/pixel_msgs' with type 'ros.ament_cmake' and name 'pixel_msgs'
[0.841s] Level 1:colcon.colcon_core.package_discovery:discover_packages(recursive) using defaults
[0.841s] Level 1:colcon.colcon_core.package_discovery:discover_packages(ignore) discover
[0.841s] Level 1:colcon.colcon_core.package_discovery:discover_packages(ignore) using defaults
[0.841s] Level 1:colcon.colcon_core.package_discovery:discover_packages(path) discover
[0.841s] Level 1:colcon.colcon_core.package_discovery:discover_packages(path) using defaults
[0.902s] Level 1:colcon.colcon_core.package_discovery:discover_packages(prefix_path) check parameters
[0.903s] Level 1:colcon.colcon_core.package_discovery:discover_packages(prefix_path) discover
[0.910s] DEBUG:colcon.colcon_installed_package_information.package_discovery:Found 286 installed packages in /opt/ros/humble
[0.913s] Level 1:colcon.colcon_core.package_discovery:discover_packages(prefix_path) using defaults
[1.019s] Level 5:colcon.colcon_core.verb:set package 'gst_publisher_pkg' build argument 'cmake_args' from command line to 'None'
[1.019s] Level 5:colcon.colcon_core.verb:set package 'gst_publisher_pkg' build argument 'cmake_target' from command line to 'None'
[1.019s] Level 5:colcon.colcon_core.verb:set package 'gst_publisher_pkg' build argument 'cmake_target_skip_unavailable' from command line to 'False'
[1.019s] Level 5:colcon.colcon_core.verb:set package 'gst_publisher_pkg' build argument 'cmake_clean_cache' from command line to 'False'
[1.019s] Level 5:colcon.colcon_core.verb:set package 'gst_publisher_pkg' build argument 'cmake_clean_first' from command line to 'False'
[1.019s] Level 5:colcon.colcon_core.verb:set package 'gst_publisher_pkg' build argument 'cmake_force_configure' from command line to 'False'
[1.019s] Level 5:colcon.colcon_core.verb:set package 'gst_publisher_pkg' build argument 'ament_cmake_args' from command line to 'None'
[1.019s] Level 5:colcon.colcon_core.verb:set package 'gst_publisher_pkg' build argument 'catkin_cmake_args' from command line to 'None'
[1.019s] Level 5:colcon.colcon_core.verb:set package 'gst_publisher_pkg' build argument 'catkin_skip_building_tests' from command line to 'False'
[1.019s] DEBUG:colcon.colcon_core.verb:Building package 'gst_publisher_pkg' with the following arguments: {'ament_cmake_args': None, 'build_base': '/home/ravi/capstone-drone-project/build/gst_publisher_pkg', 'catkin_cmake_args': None, 'catkin_skip_building_tests': False, 'cmake_args': None, 'cmake_clean_cache': False, 'cmake_clean_first': False, 'cmake_force_configure': False, 'cmake_target': None, 'cmake_target_skip_unavailable': False, 'install_base': '/home/ravi/capstone-drone-project/install/gst_publisher_pkg', 'merge_install': False, 'path': '/home/ravi/capstone-drone-project/ros2_ws/src/gst_publisher_pkg', 'symlink_install': False, 'test_result_base': None}
[1.019s] Level 5:colcon.colcon_core.verb:set package 'pixel_msgs' build argument 'cmake_args' from command line to 'None'
[1.020s] Level 5:colcon.colcon_core.verb:set package 'pixel_msgs' build argument 'cmake_target' from command line to 'None'
[1.020s] Level 5:colcon.colcon_core.verb:set package 'pixel_msgs' build argument 'cmake_target_skip_unavailable' from command line to 'False'
[1.020s] Level 5:colcon.colcon_core.verb:set package 'pixel_msgs' build argument 'cmake_clean_cache' from command line to 'False'
[1.020s] Level 5:colcon.colcon_core.verb:set package 'pixel_msgs' build argument 'cmake_clean_first' from command line to 'False'
[1.020s] Level 5:colcon.colcon_core.verb:set package 'pixel_msgs' build argument 'cmake_force_configure' from command line to 'False'
[1.020s] Level 5:colcon.colcon_core.verb:set package 'pixel_msgs' build argument 'ament_cmake_args' from command line to 'None'
[1.020s] Level 5:colcon.colcon_core.verb:set package 'pixel_msgs' build argument 'catkin_cmake_args' from command line to 'None'
[1.020s] Level 5:colcon.colcon_core.verb:set package 'pixel_msgs' build argument 'catkin_skip_building_tests' from command line to 'False'
[1.020s] DEBUG:colcon.colcon_core.verb:Building package 'pixel_msgs' with the following arguments: {'ament_cmake_args': None, 'build_base': '/home/ravi/capstone-drone-project/build/pixel_msgs', 'catkin_cmake_args': None, 'catkin_skip_building_tests': False, 'cmake_args': None, 'cmake_clean_cache': False, 'cmake_clean_first': False, 'cmake_force_configure': False, 'cmake_target': None, 'cmake_target_skip_unavailable': False, 'install_base': '/home/ravi/capstone-drone-project/install/pixel_msgs', 'merge_install': False, 'path': '/home/ravi/capstone-drone-project/ros2_ws/src/pixel_msgs', 'symlink_install': False, 'test_result_base': None}
[1.021s] Level 5:colcon.colcon_core.verb:set package 'px4_msgs' build argument 'cmake_args' from command line to 'None'
[1.021s] Level 5:colcon.colcon_core.verb:set package 'px4_msgs' build argument 'cmake_target' from command line to 'None'
[1.021s] Level 5:colcon.colcon_core.verb:set package 'px4_msgs' build argument 'cmake_target_skip_unavailable' from command line to 'False'
[1.021s] Level 5:colcon.colcon_core.verb:set package 'px4_msgs' build argument 'cmake_clean_cache' from command line to 'False'
[1.021s] Level 5:colcon.colcon_core.verb:set package 'px4_msgs' build argument 'cmake_clean_first' from command line to 'False'
[1.021s] Level 5:colcon.colcon_core.verb:set package 'px4_msgs' build argument 'cmake_force_configure' from command line to 'False'
[1.021s] Level 5:colcon.colcon_core.verb:set package 'px4_msgs' build argument 'ament_cmake_args' from command line to 'None'
[1.021s] Level 5:colcon.colcon_core.verb:set package 'px4_msgs' build argument 'catkin_cmake_args' from command line to 'None'
[1.021s] Level 5:colcon.colcon_core.verb:set package 'px4_msgs' build argument 'catkin_skip_building_tests' from command line to 'False'
[1.021s] DEBUG:colcon.colcon_core.verb:Building package 'px4_msgs' with the following arguments: {'ament_cmake_args': None, 'build_base': '/home/ravi/capstone-drone-project/build/px4_msgs', 'catkin_cmake_args': None, 'catkin_skip_building_tests': False, 'cmake_args': None, 'cmake_clean_cache': False, 'cmake_clean_first': False, 'cmake_force_configure': False, 'cmake_target': None, 'cmake_target_skip_unavailable': False, 'install_base': '/home/ravi/capstone-drone-project/install/px4_msgs', 'merge_install': False, 'path': '/home/ravi/capstone-drone-project/ros2_ws/px4_msgs', 'symlink_install': False, 'test_result_base': None}
[1.022s] Level 5:colcon.colcon_core.verb:set package 'gps_approx_pkg' build argument 'cmake_args' from command line to 'None'
[1.022s] Level 5:colcon.colcon_core.verb:set package 'gps_approx_pkg' build argument 'cmake_target' from command line to 'None'
[1.022s] Level 5:colcon.colcon_core.verb:set package 'gps_approx_pkg' build argument 'cmake_target_skip_unavailable' from command line to 'False'
[1.022s] Level 5:colcon.colcon_core.verb:set package 'gps_approx_pkg' build argument 'cmake_clean_cache' from command line to 'False'
[1.022s] Level 5:colcon.colcon_core.verb:set package 'gps_approx_pkg' build argument 'cmake_clean_first' from command line to 'False'
[1.022s] Level 5:colcon.colcon_core.verb:set package 'gps_approx_pkg' build argument 'cmake_force_configure' from command line to 'False'
[1.022s] Level 5:colcon.colcon_core.verb:set package 'gps_approx_pkg' build argument 'ament_cmake_args' from command line to 'None'
[1.022s] Level 5:colcon.colcon_core.verb:set package 'gps_approx_pkg' build argument 'catkin_cmake_args' from command line to 'None'
[1.022s] Level 5:colcon.colcon_core.verb:set package 'gps_approx_pkg' build argument 'catkin_skip_building_tests' from command line to 'False'
[1.022s] DEBUG:colcon.colcon_core.verb:Building package 'gps_approx_pkg' with the following arguments: {'ament_cmake_args': None, 'build_base': '/home/ravi/capstone-drone-project/build/gps_approx_pkg', 'catkin_cmake_args': None, 'catkin_skip_building_tests': False, 'cmake_args': None, 'cmake_clean_cache': False, 'cmake_clean_first': False, 'cmake_force_configure': False, 'cmake_target': None, 'cmake_target_skip_unavailable': False, 'install_base': '/home/ravi/capstone-drone-project/install/gps_approx_pkg', 'merge_install': False, 'path': '/home/ravi/capstone-drone-project/ros2_ws/src/gps_approx_pkg', 'symlink_install': False, 'test_result_base': None}
[1.022s] INFO:colcon.colcon_core.executor:Executing jobs using 'parallel' executor
[1.024s] DEBUG:colcon.colcon_parallel_executor.executor.parallel:run_until_complete
[1.024s] INFO:colcon.colcon_ros.task.ament_cmake.build:Building ROS package in '/home/ravi/capstone-drone-project/ros2_ws/src/pixel_msgs' with build type 'ament_cmake'
[1.025s] INFO:colcon.colcon_cmake.task.cmake.build:Building CMake package in '/home/ravi/capstone-drone-project/ros2_ws/src/pixel_msgs'
[1.032s] INFO:colcon.colcon_core.plugin_system:Skipping extension 'colcon_core.shell.bat': Not used on non-Windows systems
[1.032s] INFO:colcon.colcon_core.shell:Skip shell extension 'powershell' for command environment: Not usable outside of PowerShell
[1.032s] DEBUG:colcon.colcon_core.shell:Skip shell extension 'dsv' for command environment
[1.039s] INFO:colcon.colcon_ros.task.ament_cmake.build:Building ROS package in '/home/ravi/capstone-drone-project/ros2_ws/px4_msgs' with build type 'ament_cmake'
[1.039s] INFO:colcon.colcon_cmake.task.cmake.build:Building CMake package in '/home/ravi/capstone-drone-project/ros2_ws/px4_msgs'
[1.040s] INFO:colcon.colcon_core.shell:Skip shell extension 'powershell' for command environment: Not usable outside of PowerShell
[1.040s] DEBUG:colcon.colcon_core.shell:Skip shell extension 'dsv' for command environment
[1.048s] INFO:colcon.colcon_ros.task.ament_cmake.build:Building ROS package in '/home/ravi/capstone-drone-project/ros2_ws/src/gst_publisher_pkg' with build type 'ament_cmake'
[1.048s] INFO:colcon.colcon_cmake.task.cmake.build:Building CMake package in '/home/ravi/capstone-drone-project/ros2_ws/src/gst_publisher_pkg'
[1.049s] INFO:colcon.colcon_core.shell:Skip shell extension 'powershell' for command environment: Not usable outside of PowerShell
[1.049s] DEBUG:colcon.colcon_core.shell:Skip shell extension 'dsv' for command environment
[1.060s] DEBUG:colcon.colcon_core.event_handler.log_command:Invoking command in '/home/ravi/capstone-drone-project/build/pixel_msgs': CMAKE_PREFIX_PATH=/opt/ros/humble /usr/bin/cmake /home/ravi/capstone-drone-project/ros2_ws/src/pixel_msgs -DCMAKE_INSTALL_PREFIX=/home/ravi/capstone-drone-project/install/pixel_msgs
[1.074s] DEBUG:colcon.colcon_core.event_handler.log_command:Invoking command in '/home/ravi/capstone-drone-project/build/px4_msgs': CMAKE_PREFIX_PATH=/opt/ros/humble /usr/bin/cmake /home/ravi/capstone-drone-project/ros2_ws/px4_msgs -DCMAKE_INSTALL_PREFIX=/home/ravi/capstone-drone-project/install/px4_msgs
[1.077s] DEBUG:colcon.colcon_core.event_handler.log_command:Invoking command in '/home/ravi/capstone-drone-project/build/gst_publisher_pkg': CMAKE_PREFIX_PATH=/opt/ros/humble /usr/bin/cmake /home/ravi/capstone-drone-project/ros2_ws/src/gst_publisher_pkg -DCMAKE_INSTALL_PREFIX=/home/ravi/capstone-drone-project/install/gst_publisher_pkg
[3.445s] DEBUG:colcon.colcon_core.event_handler.log_command:Invoked command in '/home/ravi/capstone-drone-project/build/gst_publisher_pkg' returned '0': CMAKE_PREFIX_PATH=/opt/ros/humble /usr/bin/cmake /home/ravi/capstone-drone-project/ros2_ws/src/gst_publisher_pkg -DCMAKE_INSTALL_PREFIX=/home/ravi/capstone-drone-project/install/gst_publisher_pkg
[3.449s] DEBUG:colcon.colcon_core.event_handler.log_command:Invoking command in '/home/ravi/capstone-drone-project/build/gst_publisher_pkg': CMAKE_PREFIX_PATH=/opt/ros/humble /usr/bin/cmake --build /home/ravi/capstone-drone-project/build/gst_publisher_pkg -- -j4 -l4
[3.604s] DEBUG:colcon.colcon_core.event_handler.log_command:Invoked command in '/home/ravi/capstone-drone-project/build/pixel_msgs' returned '0': CMAKE_PREFIX_PATH=/opt/ros/humble /usr/bin/cmake /home/ravi/capstone-drone-project/ros2_ws/src/pixel_msgs -DCMAKE_INSTALL_PREFIX=/home/ravi/capstone-drone-project/install/pixel_msgs
[3.608s] DEBUG:colcon.colcon_core.event_handler.log_command:Invoking command in '/home/ravi/capstone-drone-project/build/pixel_msgs': CMAKE_PREFIX_PATH=/opt/ros/humble /usr/bin/cmake --build /home/ravi/capstone-drone-project/build/pixel_msgs -- -j4 -l4
[9.107s] DEBUG:colcon.colcon_core.event_handler.log_command:Invoked command in '/home/ravi/capstone-drone-project/build/pixel_msgs' returned '0': CMAKE_PREFIX_PATH=/opt/ros/humble /usr/bin/cmake --build /home/ravi/capstone-drone-project/build/pixel_msgs -- -j4 -l4
[9.120s] DEBUG:colcon.colcon_core.event_handler.log_command:Invoking command in '/home/ravi/capstone-drone-project/build/pixel_msgs': CMAKE_PREFIX_PATH=/opt/ros/humble /usr/bin/cmake --install /home/ravi/capstone-drone-project/build/pixel_msgs
[9.248s] Level 1:colcon.colcon_core.environment:create_environment_scripts_only(pixel_msgs)
[9.252s] DEBUG:colcon.colcon_core.event_handler.log_command:Invoked command in '/home/ravi/capstone-drone-project/build/pixel_msgs' returned '0': CMAKE_PREFIX_PATH=/opt/ros/humble /usr/bin/cmake --install /home/ravi/capstone-drone-project/build/pixel_msgs
[9.260s] Level 1:colcon.colcon_core.environment:checking '/home/ravi/capstone-drone-project/install/pixel_msgs' for CMake module files
[9.261s] Level 1:colcon.colcon_core.environment:checking '/home/ravi/capstone-drone-project/install/pixel_msgs' for CMake config files
[9.263s] Level 1:colcon.colcon_core.shell:create_environment_hook('pixel_msgs', 'cmake_prefix_path')
[9.264s] INFO:colcon.colcon_core.shell:Creating environment hook '/home/ravi/capstone-drone-project/install/pixel_msgs/share/pixel_msgs/hook/cmake_prefix_path.ps1'
[9.265s] INFO:colcon.colcon_core.shell:Creating environment descriptor '/home/ravi/capstone-drone-project/install/pixel_msgs/share/pixel_msgs/hook/cmake_prefix_path.dsv'
[9.267s] INFO:colcon.colcon_core.shell:Creating environment hook '/home/ravi/capstone-drone-project/install/pixel_msgs/share/pixel_msgs/hook/cmake_prefix_path.sh'
[9.268s] Level 1:colcon.colcon_core.environment:checking '/home/ravi/capstone-drone-project/install/pixel_msgs/lib'
[9.268s] Level 1:colcon.colcon_core.shell:create_environment_hook('pixel_msgs', 'ld_library_path_lib')
[9.269s] INFO:colcon.colcon_core.shell:Creating environment hook '/home/ravi/capstone-drone-project/install/pixel_msgs/share/pixel_msgs/hook/ld_library_path_lib.ps1'
[9.269s] INFO:colcon.colcon_core.shell:Creating environment descriptor '/home/ravi/capstone-drone-project/install/pixel_msgs/share/pixel_msgs/hook/ld_library_path_lib.dsv'
[9.269s] INFO:colcon.colcon_core.shell:Creating environment hook '/home/ravi/capstone-drone-project/install/pixel_msgs/share/pixel_msgs/hook/ld_library_path_lib.sh'
[9.270s] Level 1:colcon.colcon_core.environment:checking '/home/ravi/capstone-drone-project/install/pixel_msgs/bin'
[9.270s] Level 1:colcon.colcon_core.environment:checking '/home/ravi/capstone-drone-project/install/pixel_msgs/lib/pkgconfig/pixel_msgs.pc'
[9.270s] Level 1:colcon.colcon_core.environment:checking '/home/ravi/capstone-drone-project/install/pixel_msgs/lib/python3.10/site-packages'
[9.270s] Level 1:colcon.colcon_core.environment:checking '/home/ravi/capstone-drone-project/install/pixel_msgs/bin'
[9.271s] INFO:colcon.colcon_core.shell:Creating package script '/home/ravi/capstone-drone-project/install/pixel_msgs/share/pixel_msgs/package.ps1'
[9.272s] INFO:colcon.colcon_core.shell:Creating package descriptor '/home/ravi/capstone-drone-project/install/pixel_msgs/share/pixel_msgs/package.dsv'
[9.273s] INFO:colcon.colcon_core.shell:Creating package script '/home/ravi/capstone-drone-project/install/pixel_msgs/share/pixel_msgs/package.sh'
[9.274s] INFO:colcon.colcon_core.shell:Creating package script '/home/ravi/capstone-drone-project/install/pixel_msgs/share/pixel_msgs/package.bash'
[9.275s] INFO:colcon.colcon_core.shell:Creating package script '/home/ravi/capstone-drone-project/install/pixel_msgs/share/pixel_msgs/package.zsh'
[9.276s] Level 1:colcon.colcon_core.environment:create_file_with_runtime_dependencies(/home/ravi/capstone-drone-project/install/pixel_msgs/share/colcon-core/packages/pixel_msgs)
[9.278s] Level 1:colcon.colcon_core.environment:create_environment_scripts_only(pixel_msgs)
[9.278s] Level 1:colcon.colcon_core.environment:checking '/home/ravi/capstone-drone-project/install/pixel_msgs' for CMake module files
[9.280s] Level 1:colcon.colcon_core.environment:checking '/home/ravi/capstone-drone-project/install/pixel_msgs' for CMake config files
[9.280s] Level 1:colcon.colcon_core.shell:create_environment_hook('pixel_msgs', 'cmake_prefix_path')
[9.280s] INFO:colcon.colcon_core.shell:Creating environment hook '/home/ravi/capstone-drone-project/install/pixel_msgs/share/pixel_msgs/hook/cmake_prefix_path.ps1'
[9.281s] INFO:colcon.colcon_core.shell:Creating environment descriptor '/home/ravi/capstone-drone-project/install/pixel_msgs/share/pixel_msgs/hook/cmake_prefix_path.dsv'
[9.283s] INFO:colcon.colcon_core.shell:Creating environment hook '/home/ravi/capstone-drone-project/install/pixel_msgs/share/pixel_msgs/hook/cmake_prefix_path.sh'
[9.284s] Level 1:colcon.colcon_core.environment:checking '/home/ravi/capstone-drone-project/install/pixel_msgs/lib'
[9.284s] Level 1:colcon.colcon_core.shell:create_environment_hook('pixel_msgs', 'ld_library_path_lib')
[9.284s] INFO:colcon.colcon_core.shell:Creating environment hook '/home/ravi/capstone-drone-project/install/pixel_msgs/share/pixel_msgs/hook/ld_library_path_lib.ps1'
[9.284s] INFO:colcon.colcon_core.shell:Creating environment descriptor '/home/ravi/capstone-drone-project/install/pixel_msgs/share/pixel_msgs/hook/ld_library_path_lib.dsv'
[9.287s] INFO:colcon.colcon_core.shell:Creating environment hook '/home/ravi/capstone-drone-project/install/pixel_msgs/share/pixel_msgs/hook/ld_library_path_lib.sh'
[9.290s] Level 1:colcon.colcon_core.environment:checking '/home/ravi/capstone-drone-project/install/pixel_msgs/bin'
[9.290s] Level 1:colcon.colcon_core.environment:checking '/home/ravi/capstone-drone-project/install/pixel_msgs/lib/pkgconfig/pixel_msgs.pc'
[9.290s] Level 1:colcon.colcon_core.environment:checking '/home/ravi/capstone-drone-project/install/pixel_msgs/lib/python3.10/site-packages'
[9.290s] Level 1:colcon.colcon_core.environment:checking '/home/ravi/capstone-drone-project/install/pixel_msgs/bin'
[9.291s] INFO:colcon.colcon_core.shell:Creating package script '/home/ravi/capstone-drone-project/install/pixel_msgs/share/pixel_msgs/package.ps1'
[9.292s] INFO:colcon.colcon_core.shell:Creating package descriptor '/home/ravi/capstone-drone-project/install/pixel_msgs/share/pixel_msgs/package.dsv'
[9.292s] INFO:colcon.colcon_core.shell:Creating package script '/home/ravi/capstone-drone-project/install/pixel_msgs/share/pixel_msgs/package.sh'
[9.293s] INFO:colcon.colcon_core.shell:Creating package script '/home/ravi/capstone-drone-project/install/pixel_msgs/share/pixel_msgs/package.bash'
[9.293s] INFO:colcon.colcon_core.shell:Creating package script '/home/ravi/capstone-drone-project/install/pixel_msgs/share/pixel_msgs/package.zsh'
[9.294s] Level 1:colcon.colcon_core.environment:create_file_with_runtime_dependencies(/home/ravi/capstone-drone-project/install/pixel_msgs/share/colcon-core/packages/pixel_msgs)
[9.571s] DEBUG:colcon.colcon_core.event_handler.log_command:Invoked command in '/home/ravi/capstone-drone-project/build/px4_msgs' returned '0': CMAKE_PREFIX_PATH=/opt/ros/humble /usr/bin/cmake /home/ravi/capstone-drone-project/ros2_ws/px4_msgs -DCMAKE_INSTALL_PREFIX=/home/ravi/capstone-drone-project/install/px4_msgs
[9.573s] DEBUG:colcon.colcon_core.event_handler.log_command:Invoking command in '/home/ravi/capstone-drone-project/build/px4_msgs': CMAKE_PREFIX_PATH=/opt/ros/humble /usr/bin/cmake --build /home/ravi/capstone-drone-project/build/px4_msgs -- -j4 -l4
[13.442s] DEBUG:colcon.colcon_core.event_handler.log_command:Invoked command in '/home/ravi/capstone-drone-project/build/gst_publisher_pkg' returned '0': CMAKE_PREFIX_PATH=/opt/ros/humble /usr/bin/cmake --build /home/ravi/capstone-drone-project/build/gst_publisher_pkg -- -j4 -l4
[13.443s] DEBUG:colcon.colcon_core.event_handler.log_command:Invoking command in '/home/ravi/capstone-drone-project/build/gst_publisher_pkg': CMAKE_PREFIX_PATH=/opt/ros/humble /usr/bin/cmake --install /home/ravi/capstone-drone-project/build/gst_publisher_pkg
[13.457s] Level 1:colcon.colcon_core.environment:create_environment_scripts_only(gst_publisher_pkg)
[13.458s] Level 1:colcon.colcon_core.environment:checking '/home/ravi/capstone-drone-project/install/gst_publisher_pkg' for CMake module files
[13.458s] Level 1:colcon.colcon_core.environment:checking '/home/ravi/capstone-drone-project/install/gst_publisher_pkg' for CMake config files
[13.457s] DEBUG:colcon.colcon_core.event_handler.log_command:Invoked command in '/home/ravi/capstone-drone-project/build/gst_publisher_pkg' returned '0': CMAKE_PREFIX_PATH=/opt/ros/humble /usr/bin/cmake --install /home/ravi/capstone-drone-project/build/gst_publisher_pkg
[13.459s] Level 1:colcon.colcon_core.shell:create_environment_hook('gst_publisher_pkg', 'cmake_prefix_path')
[13.459s] INFO:colcon.colcon_core.shell:Creating environment hook '/home/ravi/capstone-drone-project/install/gst_publisher_pkg/share/gst_publisher_pkg/hook/cmake_prefix_path.ps1'
[13.460s] INFO:colcon.colcon_core.shell:Creating environment descriptor '/home/ravi/capstone-drone-project/install/gst_publisher_pkg/share/gst_publisher_pkg/hook/cmake_prefix_path.dsv'
[13.461s] INFO:colcon.colcon_core.shell:Creating environment hook '/home/ravi/capstone-drone-project/install/gst_publisher_pkg/share/gst_publisher_pkg/hook/cmake_prefix_path.sh'
[13.461s] Level 1:colcon.colcon_core.environment:checking '/home/ravi/capstone-drone-project/install/gst_publisher_pkg/lib'
[13.462s] Level 1:colcon.colcon_core.environment:checking '/home/ravi/capstone-drone-project/install/gst_publisher_pkg/bin'
[13.462s] Level 1:colcon.colcon_core.environment:checking '/home/ravi/capstone-drone-project/install/gst_publisher_pkg/lib/pkgconfig/gst_publisher_pkg.pc'
[13.462s] Level 1:colcon.colcon_core.environment:checking '/home/ravi/capstone-drone-project/install/gst_publisher_pkg/lib/python3.10/site-packages'
[13.462s] Level 1:colcon.colcon_core.environment:checking '/home/ravi/capstone-drone-project/install/gst_publisher_pkg/bin'
[13.463s] INFO:colcon.colcon_core.shell:Creating package script '/home/ravi/capstone-drone-project/install/gst_publisher_pkg/share/gst_publisher_pkg/package.ps1'
[13.464s] INFO:colcon.colcon_core.shell:Creating package descriptor '/home/ravi/capstone-drone-project/install/gst_publisher_pkg/share/gst_publisher_pkg/package.dsv'
[13.465s] INFO:colcon.colcon_core.shell:Creating package script '/home/ravi/capstone-drone-project/install/gst_publisher_pkg/share/gst_publisher_pkg/package.sh'
[13.466s] INFO:colcon.colcon_core.shell:Creating package script '/home/ravi/capstone-drone-project/install/gst_publisher_pkg/share/gst_publisher_pkg/package.bash'
[13.467s] INFO:colcon.colcon_core.shell:Creating package script '/home/ravi/capstone-drone-project/install/gst_publisher_pkg/share/gst_publisher_pkg/package.zsh'
[13.467s] Level 1:colcon.colcon_core.environment:create_file_with_runtime_dependencies(/home/ravi/capstone-drone-project/install/gst_publisher_pkg/share/colcon-core/packages/gst_publisher_pkg)
[13.468s] Level 1:colcon.colcon_core.environment:create_environment_scripts_only(gst_publisher_pkg)
[13.468s] Level 1:colcon.colcon_core.environment:checking '/home/ravi/capstone-drone-project/install/gst_publisher_pkg' for CMake module files
[13.469s] Level 1:colcon.colcon_core.environment:checking '/home/ravi/capstone-drone-project/install/gst_publisher_pkg' for CMake config files
[13.469s] Level 1:colcon.colcon_core.shell:create_environment_hook('gst_publisher_pkg', 'cmake_prefix_path')
[13.469s] INFO:colcon.colcon_core.shell:Creating environment hook '/home/ravi/capstone-drone-project/install/gst_publisher_pkg/share/gst_publisher_pkg/hook/cmake_prefix_path.ps1'
[13.470s] INFO:colcon.colcon_core.shell:Creating environment descriptor '/home/ravi/capstone-drone-project/install/gst_publisher_pkg/share/gst_publisher_pkg/hook/cmake_prefix_path.dsv'
[13.470s] INFO:colcon.colcon_core.shell:Creating environment hook '/home/ravi/capstone-drone-project/install/gst_publisher_pkg/share/gst_publisher_pkg/hook/cmake_prefix_path.sh'
[13.471s] Level 1:colcon.colcon_core.environment:checking '/home/ravi/capstone-drone-project/install/gst_publisher_pkg/lib'
[13.471s] Level 1:colcon.colcon_core.environment:checking '/home/ravi/capstone-drone-project/install/gst_publisher_pkg/bin'
[13.471s] Level 1:colcon.colcon_core.environment:checking '/home/ravi/capstone-drone-project/install/gst_publisher_pkg/lib/pkgconfig/gst_publisher_pkg.pc'
[13.471s] Level 1:colcon.colcon_core.environment:checking '/home/ravi/capstone-drone-project/install/gst_publisher_pkg/lib/python3.10/site-packages'
[13.472s] Level 1:colcon.colcon_core.environment:checking '/home/ravi/capstone-drone-project/install/gst_publisher_pkg/bin'
[13.472s] INFO:colcon.colcon_core.shell:Creating package script '/home/ravi/capstone-drone-project/install/gst_publisher_pkg/share/gst_publisher_pkg/package.ps1'
[13.473s] INFO:colcon.colcon_core.shell:Creating package descriptor '/home/ravi/capstone-drone-project/install/gst_publisher_pkg/share/gst_publisher_pkg/package.dsv'
[13.473s] INFO:colcon.colcon_core.shell:Creating package script '/home/ravi/capstone-drone-project/install/gst_publisher_pkg/share/gst_publisher_pkg/package.sh'
[13.474s] INFO:colcon.colcon_core.shell:Creating package script '/home/ravi/capstone-drone-project/install/gst_publisher_pkg/share/gst_publisher_pkg/package.bash'
[13.474s] INFO:colcon.colcon_core.shell:Creating package script '/home/ravi/capstone-drone-project/install/gst_publisher_pkg/share/gst_publisher_pkg/package.zsh'
[13.475s] Level 1:colcon.colcon_core.environment:create_file_with_runtime_dependencies(/home/ravi/capstone-drone-project/install/gst_publisher_pkg/share/colcon-core/packages/gst_publisher_pkg)
[406.941s] DEBUG:colcon.colcon_core.event_handler.log_command:Invoked command in '/home/ravi/capstone-drone-project/build/px4_msgs' returned '0': CMAKE_PREFIX_PATH=/opt/ros/humble /usr/bin/cmake --build /home/ravi/capstone-drone-project/build/px4_msgs -- -j4 -l4
[406.942s] DEBUG:colcon.colcon_core.event_handler.log_command:Invoking command in '/home/ravi/capstone-drone-project/build/px4_msgs': CMAKE_PREFIX_PATH=/opt/ros/humble /usr/bin/cmake --install /home/ravi/capstone-drone-project/build/px4_msgs
[407.871s] Level 1:colcon.colcon_core.environment:create_environment_scripts_only(px4_msgs)
[407.871s] Level 1:colcon.colcon_core.environment:checking '/home/ravi/capstone-drone-project/install/px4_msgs' for CMake module files
[407.872s] DEBUG:colcon.colcon_core.event_handler.log_command:Invoked command in '/home/ravi/capstone-drone-project/build/px4_msgs' returned '0': CMAKE_PREFIX_PATH=/opt/ros/humble /usr/bin/cmake --install /home/ravi/capstone-drone-project/build/px4_msgs
[407.872s] Level 1:colcon.colcon_core.environment:checking '/home/ravi/capstone-drone-project/install/px4_msgs' for CMake config files
[407.872s] Level 1:colcon.colcon_core.shell:create_environment_hook('px4_msgs', 'cmake_prefix_path')
[407.872s] INFO:colcon.colcon_core.shell:Creating environment hook '/home/ravi/capstone-drone-project/install/px4_msgs/share/px4_msgs/hook/cmake_prefix_path.ps1'
[407.873s] INFO:colcon.colcon_core.shell:Creating environment descriptor '/home/ravi/capstone-drone-project/install/px4_msgs/share/px4_msgs/hook/cmake_prefix_path.dsv'
[407.873s] INFO:colcon.colcon_core.shell:Creating environment hook '/home/ravi/capstone-drone-project/install/px4_msgs/share/px4_msgs/hook/cmake_prefix_path.sh'
[407.873s] Level 1:colcon.colcon_core.environment:checking '/home/ravi/capstone-drone-project/install/px4_msgs/lib'
[407.873s] Level 1:colcon.colcon_core.shell:create_environment_hook('px4_msgs', 'ld_library_path_lib')
[407.873s] INFO:colcon.colcon_core.shell:Creating environment hook '/home/ravi/capstone-drone-project/install/px4_msgs/share/px4_msgs/hook/ld_library_path_lib.ps1'
[407.874s] INFO:colcon.colcon_core.shell:Creating environment descriptor '/home/ravi/capstone-drone-project/install/px4_msgs/share/px4_msgs/hook/ld_library_path_lib.dsv'
[407.874s] INFO:colcon.colcon_core.shell:Creating environment hook '/home/ravi/capstone-drone-project/install/px4_msgs/share/px4_msgs/hook/ld_library_path_lib.sh'
[407.874s] Level 1:colcon.colcon_core.environment:checking '/home/ravi/capstone-drone-project/install/px4_msgs/bin'
[407.874s] Level 1:colcon.colcon_core.environment:checking '/home/ravi/capstone-drone-project/install/px4_msgs/lib/pkgconfig/px4_msgs.pc'
[407.874s] Level 1:colcon.colcon_core.environment:checking '/home/ravi/capstone-drone-project/install/px4_msgs/lib/python3.10/site-packages'
[407.874s] Level 1:colcon.colcon_core.environment:checking '/home/ravi/capstone-drone-project/install/px4_msgs/bin'
[407.874s] INFO:colcon.colcon_core.shell:Creating package script '/home/ravi/capstone-drone-project/install/px4_msgs/share/px4_msgs/package.ps1'
[407.875s] INFO:colcon.colcon_core.shell:Creating package descriptor '/home/ravi/capstone-drone-project/install/px4_msgs/share/px4_msgs/package.dsv'
[407.875s] INFO:colcon.colcon_core.shell:Creating package script '/home/ravi/capstone-drone-project/install/px4_msgs/share/px4_msgs/package.sh'
[407.875s] INFO:colcon.colcon_core.shell:Creating package script '/home/ravi/capstone-drone-project/install/px4_msgs/share/px4_msgs/package.bash'
[407.875s] INFO:colcon.colcon_core.shell:Creating package script '/home/ravi/capstone-drone-project/install/px4_msgs/share/px4_msgs/package.zsh'
[407.876s] Level 1:colcon.colcon_core.environment:create_file_with_runtime_dependencies(/home/ravi/capstone-drone-project/install/px4_msgs/share/colcon-core/packages/px4_msgs)
[407.876s] Level 1:colcon.colcon_core.environment:create_environment_scripts_only(px4_msgs)
[407.876s] Level 1:colcon.colcon_core.environment:checking '/home/ravi/capstone-drone-project/install/px4_msgs' for CMake module files
[407.877s] Level 1:colcon.colcon_core.environment:checking '/home/ravi/capstone-drone-project/install/px4_msgs' for CMake config files
[407.877s] Level 1:colcon.colcon_core.shell:create_environment_hook('px4_msgs', 'cmake_prefix_path')
[407.877s] INFO:colcon.colcon_core.shell:Creating environment hook '/home/ravi/capstone-drone-project/install/px4_msgs/share/px4_msgs/hook/cmake_prefix_path.ps1'
[407.877s] INFO:colcon.colcon_core.shell:Creating environment descriptor '/home/ravi/capstone-drone-project/install/px4_msgs/share/px4_msgs/hook/cmake_prefix_path.dsv'
[407.877s] INFO:colcon.colcon_core.shell:Creating environment hook '/home/ravi/capstone-drone-project/install/px4_msgs/share/px4_msgs/hook/cmake_prefix_path.sh'
[407.878s] Level 1:colcon.colcon_core.environment:checking '/home/ravi/capstone-drone-project/install/px4_msgs/lib'
[407.878s] Level 1:colcon.colcon_core.shell:create_environment_hook('px4_msgs', 'ld_library_path_lib')
[407.878s] INFO:colcon.colcon_core.shell:Creating environment hook '/home/ravi/capstone-drone-project/install/px4_msgs/share/px4_msgs/hook/ld_library_path_lib.ps1'
[407.878s] INFO:colcon.colcon_core.shell:Creating environment descriptor '/home/ravi/capstone-drone-project/install/px4_msgs/share/px4_msgs/hook/ld_library_path_lib.dsv'
[407.879s] INFO:colcon.colcon_core.shell:Creating environment hook '/home/ravi/capstone-drone-project/install/px4_msgs/share/px4_msgs/hook/ld_library_path_lib.sh'
[407.879s] Level 1:colcon.colcon_core.environment:checking '/home/ravi/capstone-drone-project/install/px4_msgs/bin'
[407.879s] Level 1:colcon.colcon_core.environment:checking '/home/ravi/capstone-drone-project/install/px4_msgs/lib/pkgconfig/px4_msgs.pc'
[407.879s] Level 1:colcon.colcon_core.environment:checking '/home/ravi/capstone-drone-project/install/px4_msgs/lib/python3.10/site-packages'
[407.879s] Level 1:colcon.colcon_core.environment:checking '/home/ravi/capstone-drone-project/install/px4_msgs/bin'
[407.879s] INFO:colcon.colcon_core.shell:Creating package script '/home/ravi/capstone-drone-project/install/px4_msgs/share/px4_msgs/package.ps1'
[407.880s] INFO:colcon.colcon_core.shell:Creating package descriptor '/home/ravi/capstone-drone-project/install/px4_msgs/share/px4_msgs/package.dsv'
[407.880s] INFO:colcon.colcon_core.shell:Creating package script '/home/ravi/capstone-drone-project/install/px4_msgs/share/px4_msgs/package.sh'
[407.880s] INFO:colcon.colcon_core.shell:Creating package script '/home/ravi/capstone-drone-project/install/px4_msgs/share/px4_msgs/package.bash'
[407.880s] INFO:colcon.colcon_core.shell:Creating package script '/home/ravi/capstone-drone-project/install/px4_msgs/share/px4_msgs/package.zsh'
[407.881s] Level 1:colcon.colcon_core.environment:create_file_with_runtime_dependencies(/home/ravi/capstone-drone-project/install/px4_msgs/share/colcon-core/packages/px4_msgs)
[407.881s] INFO:colcon.colcon_ros.task.ament_cmake.build:Building ROS package in '/home/ravi/capstone-drone-project/ros2_ws/src/gps_approx_pkg' with build type 'ament_cmake'
[407.881s] INFO:colcon.colcon_cmake.task.cmake.build:Building CMake package in '/home/ravi/capstone-drone-project/ros2_ws/src/gps_approx_pkg'
[407.881s] INFO:colcon.colcon_core.shell:Skip shell extension 'powershell' for command environment: Not usable outside of PowerShell
[407.881s] DEBUG:colcon.colcon_core.shell:Skip shell extension 'dsv' for command environment
[407.896s] DEBUG:colcon.colcon_core.event_handler.log_command:Invoking command in '/home/ravi/capstone-drone-project/build/gps_approx_pkg': AMENT_PREFIX_PATH=/home/ravi/capstone-drone-project/install/px4_msgs:/home/ravi/capstone-drone-project/install/pixel_msgs:${AMENT_PREFIX_PATH} CMAKE_PREFIX_PATH=/home/ravi/capstone-drone-project/install/px4_msgs:/home/ravi/capstone-drone-project/install/pixel_msgs:/opt/ros/humble LD_LIBRARY_PATH=/home/ravi/capstone-drone-project/install/px4_msgs/lib:/home/ravi/capstone-drone-project/install/pixel_msgs/lib:${LD_LIBRARY_PATH} PYTHONPATH=/home/ravi/capstone-drone-project/install/px4_msgs/local/lib/python3.10/dist-packages:/home/ravi/capstone-drone-project/install/pixel_msgs/local/lib/python3.10/dist-packages:${PYTHONPATH} /usr/bin/cmake /home/ravi/capstone-drone-project/ros2_ws/src/gps_approx_pkg -DCMAKE_INSTALL_PREFIX=/home/ravi/capstone-drone-project/install/gps_approx_pkg
[409.310s] DEBUG:colcon.colcon_core.event_handler.log_command:Invoked command in '/home/ravi/capstone-drone-project/build/gps_approx_pkg' returned '0': AMENT_PREFIX_PATH=/home/ravi/capstone-drone-project/install/px4_msgs:/home/ravi/capstone-drone-project/install/pixel_msgs:${AMENT_PREFIX_PATH} CMAKE_PREFIX_PATH=/home/ravi/capstone-drone-project/install/px4_msgs:/home/ravi/capstone-drone-project/install/pixel_msgs:/opt/ros/humble LD_LIBRARY_PATH=/home/ravi/capstone-drone-project/install/px4_msgs/lib:/home/ravi/capstone-drone-project/install/pixel_msgs/lib:${LD_LIBRARY_PATH} PYTHONPATH=/home/ravi/capstone-drone-project/install/px4_msgs/local/lib/python3.10/dist-packages:/home/ravi/capstone-drone-project/install/pixel_msgs/local/lib/python3.10/dist-packages:${PYTHONPATH} /usr/bin/cmake /home/ravi/capstone-drone-project/ros2_ws/src/gps_approx_pkg -DCMAKE_INSTALL_PREFIX=/home/ravi/capstone-drone-project/install/gps_approx_pkg
[409.311s] DEBUG:colcon.colcon_core.event_handler.log_command:Invoking command in '/home/ravi/capstone-drone-project/build/gps_approx_pkg': AMENT_PREFIX_PATH=/home/ravi/capstone-drone-project/install/px4_msgs:/home/ravi/capstone-drone-project/install/pixel_msgs:${AMENT_PREFIX_PATH} CMAKE_PREFIX_PATH=/home/ravi/capstone-drone-project/install/px4_msgs:/home/ravi/capstone-drone-project/install/pixel_msgs:/opt/ros/humble LD_LIBRARY_PATH=/home/ravi/capstone-drone-project/install/px4_msgs/lib:/home/ravi/capstone-drone-project/install/pixel_msgs/lib:${LD_LIBRARY_PATH} PYTHONPATH=/home/ravi/capstone-drone-project/install/px4_msgs/local/lib/python3.10/dist-packages:/home/ravi/capstone-drone-project/install/pixel_msgs/local/lib/python3.10/dist-packages:${PYTHONPATH} /usr/bin/cmake --build /home/ravi/capstone-drone-project/build/gps_approx_pkg -- -j4 -l4
[421.521s] DEBUG:colcon.colcon_core.event_handler.log_command:Invoked command in '/home/ravi/capstone-drone-project/build/gps_approx_pkg' returned '0': AMENT_PREFIX_PATH=/home/ravi/capstone-drone-project/install/px4_msgs:/home/ravi/capstone-drone-project/install/pixel_msgs:${AMENT_PREFIX_PATH} CMAKE_PREFIX_PATH=/home/ravi/capstone-drone-project/install/px4_msgs:/home/ravi/capstone-drone-project/install/pixel_msgs:/opt/ros/humble LD_LIBRARY_PATH=/home/ravi/capstone-drone-project/install/px4_msgs/lib:/home/ravi/capstone-drone-project/install/pixel_msgs/lib:${LD_LIBRARY_PATH} PYTHONPATH=/home/ravi/capstone-drone-project/install/px4_msgs/local/lib/python3.10/dist-packages:/home/ravi/capstone-drone-project/install/pixel_msgs/local/lib/python3.10/dist-packages:${PYTHONPATH} /usr/bin/cmake --build /home/ravi/capstone-drone-project/build/gps_approx_pkg -- -j4 -l4
[421.524s] DEBUG:colcon.colcon_core.event_handler.log_command:Invoking command in '/home/ravi/capstone-drone-project/build/gps_approx_pkg': AMENT_PREFIX_PATH=/home/ravi/capstone-drone-project/install/px4_msgs:/home/ravi/capstone-drone-project/install/pixel_msgs:${AMENT_PREFIX_PATH} CMAKE_PREFIX_PATH=/home/ravi/capstone-drone-project/install/px4_msgs:/home/ravi/capstone-drone-project/install/pixel_msgs:/opt/ros/humble LD_LIBRARY_PATH=/home/ravi/capstone-drone-project/install/px4_msgs/lib:/home/ravi/capstone-drone-project/install/pixel_msgs/lib:${LD_LIBRARY_PATH} PYTHONPATH=/home/ravi/capstone-drone-project/install/px4_msgs/local/lib/python3.10/dist-packages:/home/ravi/capstone-drone-project/install/pixel_msgs/local/lib/python3.10/dist-packages:${PYTHONPATH} /usr/bin/cmake --install /home/ravi/capstone-drone-project/build/gps_approx_pkg
[421.541s] Level 1:colcon.colcon_core.environment:create_environment_scripts_only(gps_approx_pkg)
[421.541s] Level 1:colcon.colcon_core.environment:checking '/home/ravi/capstone-drone-project/install/gps_approx_pkg' for CMake module files
[421.541s] DEBUG:colcon.colcon_core.event_handler.log_command:Invoked command in '/home/ravi/capstone-drone-project/build/gps_approx_pkg' returned '0': AMENT_PREFIX_PATH=/home/ravi/capstone-drone-project/install/px4_msgs:/home/ravi/capstone-drone-project/install/pixel_msgs:${AMENT_PREFIX_PATH} CMAKE_PREFIX_PATH=/home/ravi/capstone-drone-project/install/px4_msgs:/home/ravi/capstone-drone-project/install/pixel_msgs:/opt/ros/humble LD_LIBRARY_PATH=/home/ravi/capstone-drone-project/install/px4_msgs/lib:/home/ravi/capstone-drone-project/install/pixel_msgs/lib:${LD_LIBRARY_PATH} PYTHONPATH=/home/ravi/capstone-drone-project/install/px4_msgs/local/lib/python3.10/dist-packages:/home/ravi/capstone-drone-project/install/pixel_msgs/local/lib/python3.10/dist-packages:${PYTHONPATH} /usr/bin/cmake --install /home/ravi/capstone-drone-project/build/gps_approx_pkg
[421.542s] Level 1:colcon.colcon_core.environment:checking '/home/ravi/capstone-drone-project/install/gps_approx_pkg' for CMake config files
[421.542s] Level 1:colcon.colcon_core.shell:create_environment_hook('gps_approx_pkg', 'cmake_prefix_path')
[421.542s] INFO:colcon.colcon_core.shell:Creating environment hook '/home/ravi/capstone-drone-project/install/gps_approx_pkg/share/gps_approx_pkg/hook/cmake_prefix_path.ps1'
[421.544s] INFO:colcon.colcon_core.shell:Creating environment descriptor '/home/ravi/capstone-drone-project/install/gps_approx_pkg/share/gps_approx_pkg/hook/cmake_prefix_path.dsv'
[421.545s] INFO:colcon.colcon_core.shell:Creating environment hook '/home/ravi/capstone-drone-project/install/gps_approx_pkg/share/gps_approx_pkg/hook/cmake_prefix_path.sh'
[421.546s] Level 1:colcon.colcon_core.environment:checking '/home/ravi/capstone-drone-project/install/gps_approx_pkg/lib'
[421.546s] Level 1:colcon.colcon_core.environment:checking '/home/ravi/capstone-drone-project/install/gps_approx_pkg/bin'
[421.546s] Level 1:colcon.colcon_core.environment:checking '/home/ravi/capstone-drone-project/install/gps_approx_pkg/lib/pkgconfig/gps_approx_pkg.pc'
[421.546s] Level 1:colcon.colcon_core.environment:checking '/home/ravi/capstone-drone-project/install/gps_approx_pkg/lib/python3.10/site-packages'
[421.547s] Level 1:colcon.colcon_core.environment:checking '/home/ravi/capstone-drone-project/install/gps_approx_pkg/bin'
[421.547s] INFO:colcon.colcon_core.shell:Creating package script '/home/ravi/capstone-drone-project/install/gps_approx_pkg/share/gps_approx_pkg/package.ps1'
[421.547s] INFO:colcon.colcon_core.shell:Creating package descriptor '/home/ravi/capstone-drone-project/install/gps_approx_pkg/share/gps_approx_pkg/package.dsv'
[421.548s] INFO:colcon.colcon_core.shell:Creating package script '/home/ravi/capstone-drone-project/install/gps_approx_pkg/share/gps_approx_pkg/package.sh'
[421.548s] INFO:colcon.colcon_core.shell:Creating package script '/home/ravi/capstone-drone-project/install/gps_approx_pkg/share/gps_approx_pkg/package.bash'
[421.549s] INFO:colcon.colcon_core.shell:Creating package script '/home/ravi/capstone-drone-project/install/gps_approx_pkg/share/gps_approx_pkg/package.zsh'
[421.549s] Level 1:colcon.colcon_core.environment:create_file_with_runtime_dependencies(/home/ravi/capstone-drone-project/install/gps_approx_pkg/share/colcon-core/packages/gps_approx_pkg)
[421.550s] Level 1:colcon.colcon_core.environment:create_environment_scripts_only(gps_approx_pkg)
[421.550s] Level 1:colcon.colcon_core.environment:checking '/home/ravi/capstone-drone-project/install/gps_approx_pkg' for CMake module files
[421.550s] Level 1:colcon.colcon_core.environment:checking '/home/ravi/capstone-drone-project/install/gps_approx_pkg' for CMake config files
[421.550s] Level 1:colcon.colcon_core.shell:create_environment_hook('gps_approx_pkg', 'cmake_prefix_path')
[421.550s] INFO:colcon.colcon_core.shell:Creating environment hook '/home/ravi/capstone-drone-project/install/gps_approx_pkg/share/gps_approx_pkg/hook/cmake_prefix_path.ps1'
[421.551s] INFO:colcon.colcon_core.shell:Creating environment descriptor '/home/ravi/capstone-drone-project/install/gps_approx_pkg/share/gps_approx_pkg/hook/cmake_prefix_path.dsv'
[421.551s] INFO:colcon.colcon_core.shell:Creating environment hook '/home/ravi/capstone-drone-project/install/gps_approx_pkg/share/gps_approx_pkg/hook/cmake_prefix_path.sh'
[421.551s] Level 1:colcon.colcon_core.environment:checking '/home/ravi/capstone-drone-project/install/gps_approx_pkg/lib'
[421.551s] Level 1:colcon.colcon_core.environment:checking '/home/ravi/capstone-drone-project/install/gps_approx_pkg/bin'
[421.552s] Level 1:colcon.colcon_core.environment:checking '/home/ravi/capstone-drone-project/install/gps_approx_pkg/lib/pkgconfig/gps_approx_pkg.pc'
[421.552s] Level 1:colcon.colcon_core.environment:checking '/home/ravi/capstone-drone-project/install/gps_approx_pkg/lib/python3.10/site-packages'
[421.552s] Level 1:colcon.colcon_core.environment:checking '/home/ravi/capstone-drone-project/install/gps_approx_pkg/bin'
[421.552s] INFO:colcon.colcon_core.shell:Creating package script '/home/ravi/capstone-drone-project/install/gps_approx_pkg/share/gps_approx_pkg/package.ps1'
[421.552s] INFO:colcon.colcon_core.shell:Creating package descriptor '/home/ravi/capstone-drone-project/install/gps_approx_pkg/share/gps_approx_pkg/package.dsv'
[421.553s] INFO:colcon.colcon_core.shell:Creating package script '/home/ravi/capstone-drone-project/install/gps_approx_pkg/share/gps_approx_pkg/package.sh'
[421.553s] INFO:colcon.colcon_core.shell:Creating package script '/home/ravi/capstone-drone-project/install/gps_approx_pkg/share/gps_approx_pkg/package.bash'
[421.553s] INFO:colcon.colcon_core.shell:Creating package script '/home/ravi/capstone-drone-project/install/gps_approx_pkg/share/gps_approx_pkg/package.zsh'
[421.554s] Level 1:colcon.colcon_core.environment:create_file_with_runtime_dependencies(/home/ravi/capstone-drone-project/install/gps_approx_pkg/share/colcon-core/packages/gps_approx_pkg)
[421.554s] DEBUG:colcon.colcon_parallel_executor.executor.parallel:closing loop
[421.554s] DEBUG:colcon.colcon_parallel_executor.executor.parallel:loop closed
[421.554s] DEBUG:colcon.colcon_parallel_executor.executor.parallel:run_until_complete finished with '0'
[421.554s] DEBUG:colcon.colcon_core.event_reactor:joining thread
[421.569s] INFO:colcon.colcon_core.plugin_system:Skipping extension 'colcon_notification.desktop_notification.terminal_notifier': Not used on non-Darwin systems
[421.569s] INFO:colcon.colcon_core.plugin_system:Skipping extension 'colcon_notification.desktop_notification.win32': Not used on non-Windows systems
[421.569s] INFO:colcon.colcon_notification.desktop_notification:Sending desktop notification using 'notify2'
[421.628s] DEBUG:colcon.colcon_core.event_reactor:joined thread
[421.628s] INFO:colcon.colcon_core.shell:Creating prefix script '/home/ravi/capstone-drone-project/install/local_setup.ps1'
[421.629s] INFO:colcon.colcon_core.shell:Creating prefix util module '/home/ravi/capstone-drone-project/install/_local_setup_util_ps1.py'
[421.631s] INFO:colcon.colcon_core.shell:Creating prefix chain script '/home/ravi/capstone-drone-project/install/setup.ps1'
[421.631s] INFO:colcon.colcon_core.shell:Creating prefix script '/home/ravi/capstone-drone-project/install/local_setup.sh'
[421.632s] INFO:colcon.colcon_core.shell:Creating prefix util module '/home/ravi/capstone-drone-project/install/_local_setup_util_sh.py'
[421.632s] INFO:colcon.colcon_core.shell:Creating prefix chain script '/home/ravi/capstone-drone-project/install/setup.sh'
[421.633s] INFO:colcon.colcon_core.shell:Creating prefix script '/home/ravi/capstone-drone-project/install/local_setup.bash'
[421.634s] INFO:colcon.colcon_core.shell:Creating prefix chain script '/home/ravi/capstone-drone-project/install/setup.bash'
[421.635s] INFO:colcon.colcon_core.shell:Creating prefix script '/home/ravi/capstone-drone-project/install/local_setup.zsh'
[421.636s] INFO:colcon.colcon_core.shell:Creating prefix chain script '/home/ravi/capstone-drone-project/install/setup.zsh'
