[0.035s] Invoking command in '/home/ravi/capstone-drone-project/build/pixel_msgs': CMAKE_PREFIX_PATH=/opt/ros/humble /usr/bin/cmake /home/ravi/capstone-drone-project/ros2_ws/src/pixel_msgs -DCMAKE_INSTALL_PREFIX=/home/ravi/capstone-drone-project/install/pixel_msgs
[0.281s] -- The C compiler identification is GNU 11.4.0
[0.406s] -- The CXX compiler identification is GNU 11.4.0
[0.420s] -- Detecting C compiler ABI info
[0.531s] -- Detecting C compiler ABI info - done
[0.550s] -- Check for working C compiler: /usr/bin/cc - skipped
[0.552s] -- Detecting C compile features
[0.552s] -- Detecting C compile features - done
[0.560s] -- Detecting CXX compiler ABI info
[0.676s] -- Detecting CXX compiler ABI info - done
[0.686s] -- Check for working CXX compiler: /usr/bin/c++ - skipped
[0.686s] -- Detecting CXX compile features
[0.687s] -- Detecting CXX compile features - done
[0.700s] -- Found ament_cmake: 1.3.12 (/opt/ros/humble/share/ament_cmake/cmake)
[0.975s] -- Found Python3: /usr/bin/python3 (found version "3.10.12") found components: Interpreter 
[1.199s] -- Found rosidl_default_generators: 1.2.0 (/opt/ros/humble/share/rosidl_default_generators/cmake)
[1.208s] -- Using all available rosidl_typesupport_c: rosidl_typesupport_fastrtps_c;rosidl_typesupport_introspection_c
[1.219s] -- Found rosidl_adapter: 3.1.8 (/opt/ros/humble/share/rosidl_adapter/cmake)
[1.279s] -- Using all available rosidl_typesupport_cpp: rosidl_typesupport_fastrtps_cpp;rosidl_typesupport_introspection_cpp
[1.319s] -- Found std_msgs: 4.9.0 (/opt/ros/humble/share/std_msgs/cmake)
[1.681s] -- Found ament_cmake_ros: 0.10.0 (/opt/ros/humble/share/ament_cmake_ros/cmake)
[1.981s] -- Using all available rosidl_typesupport_c: rosidl_typesupport_fastrtps_c;rosidl_typesupport_introspection_c
[2.323s] -- Using all available rosidl_typesupport_cpp: rosidl_typesupport_fastrtps_cpp;rosidl_typesupport_introspection_cpp
[2.353s] -- Found PythonInterp: /usr/bin/python3 (found suitable version "3.10.12", minimum required is "3.6") 
[2.356s] -- Found python_cmake_module: 0.10.0 (/opt/ros/humble/share/python_cmake_module/cmake)
[2.399s] -- Found PythonLibs: /usr/lib/x86_64-linux-gnu/libpython3.10.so (found suitable version "3.10.12", minimum required is "3.5") 
[2.399s] -- Using PYTHON_EXECUTABLE: /usr/bin/python3
[2.399s] -- Using PYTHON_INCLUDE_DIRS: /usr/include/python3.10
[2.399s] -- Using PYTHON_LIBRARIES: /usr/lib/x86_64-linux-gnu/libpython3.10.so
[2.427s] -- Found PythonExtra: .so  
[2.506s] -- Configuring done
[2.548s] -- Generating done
[2.566s] -- Build files have been written to: /home/ravi/capstone-drone-project/build/pixel_msgs
[2.579s] Invoked command in '/home/ravi/capstone-drone-project/build/pixel_msgs' returned '0': CMAKE_PREFIX_PATH=/opt/ros/humble /usr/bin/cmake /home/ravi/capstone-drone-project/ros2_ws/src/pixel_msgs -DCMAKE_INSTALL_PREFIX=/home/ravi/capstone-drone-project/install/pixel_msgs
[2.583s] Invoking command in '/home/ravi/capstone-drone-project/build/pixel_msgs': CMAKE_PREFIX_PATH=/opt/ros/humble /usr/bin/cmake --build /home/ravi/capstone-drone-project/build/pixel_msgs -- -j4 -l4
[2.643s] [  3%] [34m[1mGenerating C code for ROS interfaces[0m
[2.685s] [  6%] [34m[1mGenerating C++ code for ROS interfaces[0m
[2.701s] [  6%] Built target ament_cmake_python_copy_pixel_msgs
[3.195s] running egg_info
[3.197s] creating pixel_msgs.egg-info
[3.197s] writing pixel_msgs.egg-info/PKG-INFO
[3.197s] writing dependency_links to pixel_msgs.egg-info/dependency_links.txt
[3.198s] writing top-level names to pixel_msgs.egg-info/top_level.txt
[3.198s] writing manifest file 'pixel_msgs.egg-info/SOURCES.txt'
[3.216s] reading manifest file 'pixel_msgs.egg-info/SOURCES.txt'
[3.216s] writing manifest file 'pixel_msgs.egg-info/SOURCES.txt'
[3.281s] [  6%] Built target pixel_msgs__cpp
[3.287s] [  6%] Built target ament_cmake_python_build_pixel_msgs_egg
[3.318s] [  9%] [34m[1mGenerating C++ type support dispatch for ROS interfaces[0m
[3.318s] [ 12%] [34m[1mGenerating C++ introspection for ROS interfaces[0m
[3.318s] [ 16%] [34m[1mGenerating C++ type support for eProsima Fast-RTPS[0m
[3.661s] [ 19%] [32mBuilding C object CMakeFiles/pixel_msgs__rosidl_generator_c.dir/rosidl_generator_c/pixel_msgs/msg/detail/pixel_coordinates__functions.c.o[0m
[3.905s] [ 22%] [32m[1mLinking C shared library libpixel_msgs__rosidl_generator_c.so[0m
[4.027s] [ 22%] Built target pixel_msgs__rosidl_generator_c
[4.057s] [ 25%] [32mBuilding CXX object CMakeFiles/pixel_msgs__rosidl_typesupport_cpp.dir/rosidl_typesupport_cpp/pixel_msgs/msg/pixel_coordinates__type_support.cpp.o[0m
[4.091s] [ 29%] [34m[1mGenerating C type support for eProsima Fast-RTPS[0m
[4.268s] [ 32%] [32mBuilding CXX object CMakeFiles/pixel_msgs__rosidl_typesupport_introspection_cpp.dir/rosidl_typesupport_introspection_cpp/pixel_msgs/msg/detail/pixel_coordinates__type_support.cpp.o[0m
[4.580s] [ 35%] [32mBuilding CXX object CMakeFiles/pixel_msgs__rosidl_typesupport_fastrtps_cpp.dir/rosidl_typesupport_fastrtps_cpp/pixel_msgs/msg/detail/dds_fastrtps/pixel_coordinates__type_support.cpp.o[0m
[4.954s] [ 38%] [32mBuilding CXX object CMakeFiles/pixel_msgs__rosidl_typesupport_fastrtps_c.dir/rosidl_typesupport_fastrtps_c/pixel_msgs/msg/detail/pixel_coordinates__type_support_c.cpp.o[0m
[5.137s] [ 41%] [32m[1mLinking CXX shared library libpixel_msgs__rosidl_typesupport_cpp.so[0m
[5.387s] [ 41%] Built target pixel_msgs__rosidl_typesupport_cpp
[5.425s] [ 45%] [34m[1mGenerating C introspection for ROS interfaces[0m
[5.683s] [ 48%] [32m[1mLinking CXX shared library libpixel_msgs__rosidl_typesupport_introspection_cpp.so[0m
[5.965s] [ 51%] [32m[1mLinking CXX shared library libpixel_msgs__rosidl_typesupport_fastrtps_cpp.so[0m
[5.984s] [ 51%] Built target pixel_msgs__rosidl_typesupport_introspection_cpp
[6.012s] [ 54%] [34m[1mGenerating C type support dispatch for ROS interfaces[0m
[6.072s] [ 58%] [32m[1mLinking CXX shared library libpixel_msgs__rosidl_typesupport_fastrtps_c.so[0m
[6.312s] [ 58%] Built target pixel_msgs__rosidl_typesupport_fastrtps_c
[6.319s] [ 58%] Built target pixel_msgs__rosidl_typesupport_fastrtps_cpp
[6.370s] [ 61%] [32mBuilding C object CMakeFiles/pixel_msgs__rosidl_typesupport_introspection_c.dir/rosidl_typesupport_introspection_c/pixel_msgs/msg/detail/pixel_coordinates__type_support.c.o[0m
[6.443s] [ 64%] [32m[1mLinking C shared library libpixel_msgs__rosidl_typesupport_introspection_c.so[0m
[6.560s] [ 64%] Built target pixel_msgs__rosidl_typesupport_introspection_c
[6.609s] [ 67%] [32mBuilding CXX object CMakeFiles/pixel_msgs__rosidl_typesupport_c.dir/rosidl_typesupport_c/pixel_msgs/msg/pixel_coordinates__type_support.cpp.o[0m
[6.681s] [ 70%] [32m[1mLinking CXX shared library libpixel_msgs__rosidl_typesupport_c.so[0m
[6.762s] [ 70%] Built target pixel_msgs__rosidl_typesupport_c
[6.793s] [ 70%] Built target pixel_msgs
[6.833s] [ 74%] [34m[1mGenerating Python code for ROS interfaces[0m
[7.430s] [ 74%] Built target pixel_msgs__py
[7.457s] [ 77%] [32mBuilding C object CMakeFiles/pixel_msgs__rosidl_generator_py.dir/rosidl_generator_py/pixel_msgs/msg/_pixel_coordinates_s.c.o[0m
[7.681s] [ 80%] [32m[1mLinking C shared library rosidl_generator_py/pixel_msgs/libpixel_msgs__rosidl_generator_py.so[0m
[7.736s] [ 80%] Built target pixel_msgs__rosidl_generator_py
[7.770s] [ 83%] [32mBuilding C object CMakeFiles/pixel_msgs__rosidl_typesupport_c__pyext.dir/rosidl_generator_py/pixel_msgs/_pixel_msgs_s.ep.rosidl_typesupport_c.c.o[0m
[7.770s] [ 87%] [32mBuilding C object CMakeFiles/pixel_msgs__rosidl_typesupport_introspection_c__pyext.dir/rosidl_generator_py/pixel_msgs/_pixel_msgs_s.ep.rosidl_typesupport_introspection_c.c.o[0m
[7.780s] [ 90%] [32mBuilding C object CMakeFiles/pixel_msgs__rosidl_typesupport_fastrtps_c__pyext.dir/rosidl_generator_py/pixel_msgs/_pixel_msgs_s.ep.rosidl_typesupport_fastrtps_c.c.o[0m
[7.952s] [ 93%] [32m[1mLinking C shared library rosidl_generator_py/pixel_msgs/pixel_msgs_s__rosidl_typesupport_fastrtps_c.cpython-310-x86_64-linux-gnu.so[0m
[7.991s] [ 96%] [32m[1mLinking C shared library rosidl_generator_py/pixel_msgs/pixel_msgs_s__rosidl_typesupport_c.cpython-310-x86_64-linux-gnu.so[0m
[7.995s] [100%] [32m[1mLinking C shared library rosidl_generator_py/pixel_msgs/pixel_msgs_s__rosidl_typesupport_introspection_c.cpython-310-x86_64-linux-gnu.so[0m
[8.055s] [100%] Built target pixel_msgs__rosidl_typesupport_fastrtps_c__pyext
[8.061s] [100%] Built target pixel_msgs__rosidl_typesupport_c__pyext
[8.066s] [100%] Built target pixel_msgs__rosidl_typesupport_introspection_c__pyext
[8.082s] Invoked command in '/home/ravi/capstone-drone-project/build/pixel_msgs' returned '0': CMAKE_PREFIX_PATH=/opt/ros/humble /usr/bin/cmake --build /home/ravi/capstone-drone-project/build/pixel_msgs -- -j4 -l4
[8.095s] Invoking command in '/home/ravi/capstone-drone-project/build/pixel_msgs': CMAKE_PREFIX_PATH=/opt/ros/humble /usr/bin/cmake --install /home/ravi/capstone-drone-project/build/pixel_msgs
[8.110s] -- Install configuration: ""
[8.111s] -- Installing: /home/ravi/capstone-drone-project/install/pixel_msgs/share/ament_index/resource_index/rosidl_interfaces/pixel_msgs
[8.112s] -- Installing: /home/ravi/capstone-drone-project/install/pixel_msgs/include/pixel_msgs/pixel_msgs
[8.112s] -- Installing: /home/ravi/capstone-drone-project/install/pixel_msgs/include/pixel_msgs/pixel_msgs/msg
[8.112s] -- Installing: /home/ravi/capstone-drone-project/install/pixel_msgs/include/pixel_msgs/pixel_msgs/msg/rosidl_generator_c__visibility_control.h
[8.112s] -- Installing: /home/ravi/capstone-drone-project/install/pixel_msgs/include/pixel_msgs/pixel_msgs/msg/detail
[8.112s] -- Installing: /home/ravi/capstone-drone-project/install/pixel_msgs/include/pixel_msgs/pixel_msgs/msg/detail/pixel_coordinates__struct.h
[8.112s] -- Installing: /home/ravi/capstone-drone-project/install/pixel_msgs/include/pixel_msgs/pixel_msgs/msg/detail/pixel_coordinates__type_support.h
[8.112s] -- Installing: /home/ravi/capstone-drone-project/install/pixel_msgs/include/pixel_msgs/pixel_msgs/msg/detail/pixel_coordinates__functions.c
[8.112s] -- Installing: /home/ravi/capstone-drone-project/install/pixel_msgs/include/pixel_msgs/pixel_msgs/msg/detail/pixel_coordinates__functions.h
[8.112s] -- Installing: /home/ravi/capstone-drone-project/install/pixel_msgs/include/pixel_msgs/pixel_msgs/msg/pixel_coordinates.h
[8.112s] -- Installing: /home/ravi/capstone-drone-project/install/pixel_msgs/share/pixel_msgs/environment/library_path.sh
[8.112s] -- Installing: /home/ravi/capstone-drone-project/install/pixel_msgs/share/pixel_msgs/environment/library_path.dsv
[8.113s] -- Installing: /home/ravi/capstone-drone-project/install/pixel_msgs/lib/libpixel_msgs__rosidl_generator_c.so
[8.113s] -- Set runtime path of "/home/ravi/capstone-drone-project/install/pixel_msgs/lib/libpixel_msgs__rosidl_generator_c.so" to ""
[8.116s] -- Up-to-date: /home/ravi/capstone-drone-project/install/pixel_msgs/include/pixel_msgs/pixel_msgs
[8.116s] -- Up-to-date: /home/ravi/capstone-drone-project/install/pixel_msgs/include/pixel_msgs/pixel_msgs/msg
[8.116s] -- Installing: /home/ravi/capstone-drone-project/install/pixel_msgs/include/pixel_msgs/pixel_msgs/msg/rosidl_typesupport_fastrtps_c__visibility_control.h
[8.117s] -- Up-to-date: /home/ravi/capstone-drone-project/install/pixel_msgs/include/pixel_msgs/pixel_msgs/msg/detail
[8.117s] -- Installing: /home/ravi/capstone-drone-project/install/pixel_msgs/include/pixel_msgs/pixel_msgs/msg/detail/pixel_coordinates__rosidl_typesupport_fastrtps_c.h
[8.117s] -- Installing: /home/ravi/capstone-drone-project/install/pixel_msgs/lib/libpixel_msgs__rosidl_typesupport_fastrtps_c.so
[8.117s] -- Set runtime path of "/home/ravi/capstone-drone-project/install/pixel_msgs/lib/libpixel_msgs__rosidl_typesupport_fastrtps_c.so" to ""
[8.117s] -- Up-to-date: /home/ravi/capstone-drone-project/install/pixel_msgs/include/pixel_msgs/pixel_msgs
[8.117s] -- Up-to-date: /home/ravi/capstone-drone-project/install/pixel_msgs/include/pixel_msgs/pixel_msgs/msg
[8.117s] -- Installing: /home/ravi/capstone-drone-project/install/pixel_msgs/include/pixel_msgs/pixel_msgs/msg/rosidl_typesupport_introspection_c__visibility_control.h
[8.117s] -- Up-to-date: /home/ravi/capstone-drone-project/install/pixel_msgs/include/pixel_msgs/pixel_msgs/msg/detail
[8.117s] -- Installing: /home/ravi/capstone-drone-project/install/pixel_msgs/include/pixel_msgs/pixel_msgs/msg/detail/pixel_coordinates__type_support.c
[8.117s] -- Installing: /home/ravi/capstone-drone-project/install/pixel_msgs/include/pixel_msgs/pixel_msgs/msg/detail/pixel_coordinates__rosidl_typesupport_introspection_c.h
[8.117s] -- Installing: /home/ravi/capstone-drone-project/install/pixel_msgs/lib/libpixel_msgs__rosidl_typesupport_introspection_c.so
[8.117s] -- Set runtime path of "/home/ravi/capstone-drone-project/install/pixel_msgs/lib/libpixel_msgs__rosidl_typesupport_introspection_c.so" to ""
[8.118s] -- Installing: /home/ravi/capstone-drone-project/install/pixel_msgs/lib/libpixel_msgs__rosidl_typesupport_c.so
[8.118s] -- Set runtime path of "/home/ravi/capstone-drone-project/install/pixel_msgs/lib/libpixel_msgs__rosidl_typesupport_c.so" to ""
[8.118s] -- Up-to-date: /home/ravi/capstone-drone-project/install/pixel_msgs/include/pixel_msgs/pixel_msgs
[8.118s] -- Up-to-date: /home/ravi/capstone-drone-project/install/pixel_msgs/include/pixel_msgs/pixel_msgs/msg
[8.118s] -- Installing: /home/ravi/capstone-drone-project/install/pixel_msgs/include/pixel_msgs/pixel_msgs/msg/rosidl_generator_cpp__visibility_control.hpp
[8.118s] -- Installing: /home/ravi/capstone-drone-project/install/pixel_msgs/include/pixel_msgs/pixel_msgs/msg/pixel_coordinates.hpp
[8.118s] -- Up-to-date: /home/ravi/capstone-drone-project/install/pixel_msgs/include/pixel_msgs/pixel_msgs/msg/detail
[8.118s] -- Installing: /home/ravi/capstone-drone-project/install/pixel_msgs/include/pixel_msgs/pixel_msgs/msg/detail/pixel_coordinates__struct.hpp
[8.118s] -- Installing: /home/ravi/capstone-drone-project/install/pixel_msgs/include/pixel_msgs/pixel_msgs/msg/detail/pixel_coordinates__traits.hpp
[8.118s] -- Installing: /home/ravi/capstone-drone-project/install/pixel_msgs/include/pixel_msgs/pixel_msgs/msg/detail/pixel_coordinates__type_support.hpp
[8.118s] -- Installing: /home/ravi/capstone-drone-project/install/pixel_msgs/include/pixel_msgs/pixel_msgs/msg/detail/pixel_coordinates__builder.hpp
[8.118s] -- Up-to-date: /home/ravi/capstone-drone-project/install/pixel_msgs/include/pixel_msgs/pixel_msgs
[8.118s] -- Up-to-date: /home/ravi/capstone-drone-project/install/pixel_msgs/include/pixel_msgs/pixel_msgs/msg
[8.119s] -- Installing: /home/ravi/capstone-drone-project/install/pixel_msgs/include/pixel_msgs/pixel_msgs/msg/rosidl_typesupport_fastrtps_cpp__visibility_control.h
[8.119s] -- Up-to-date: /home/ravi/capstone-drone-project/install/pixel_msgs/include/pixel_msgs/pixel_msgs/msg/detail
[8.119s] -- Installing: /home/ravi/capstone-drone-project/install/pixel_msgs/include/pixel_msgs/pixel_msgs/msg/detail/dds_fastrtps
[8.119s] -- Installing: /home/ravi/capstone-drone-project/install/pixel_msgs/include/pixel_msgs/pixel_msgs/msg/detail/pixel_coordinates__rosidl_typesupport_fastrtps_cpp.hpp
[8.119s] -- Installing: /home/ravi/capstone-drone-project/install/pixel_msgs/lib/libpixel_msgs__rosidl_typesupport_fastrtps_cpp.so
[8.119s] -- Set runtime path of "/home/ravi/capstone-drone-project/install/pixel_msgs/lib/libpixel_msgs__rosidl_typesupport_fastrtps_cpp.so" to ""
[8.119s] -- Up-to-date: /home/ravi/capstone-drone-project/install/pixel_msgs/include/pixel_msgs/pixel_msgs
[8.119s] -- Up-to-date: /home/ravi/capstone-drone-project/install/pixel_msgs/include/pixel_msgs/pixel_msgs/msg
[8.119s] -- Up-to-date: /home/ravi/capstone-drone-project/install/pixel_msgs/include/pixel_msgs/pixel_msgs/msg/detail
[8.119s] -- Installing: /home/ravi/capstone-drone-project/install/pixel_msgs/include/pixel_msgs/pixel_msgs/msg/detail/pixel_coordinates__type_support.cpp
[8.119s] -- Installing: /home/ravi/capstone-drone-project/install/pixel_msgs/include/pixel_msgs/pixel_msgs/msg/detail/pixel_coordinates__rosidl_typesupport_introspection_cpp.hpp
[8.119s] -- Installing: /home/ravi/capstone-drone-project/install/pixel_msgs/lib/libpixel_msgs__rosidl_typesupport_introspection_cpp.so
[8.119s] -- Set runtime path of "/home/ravi/capstone-drone-project/install/pixel_msgs/lib/libpixel_msgs__rosidl_typesupport_introspection_cpp.so" to ""
[8.120s] -- Installing: /home/ravi/capstone-drone-project/install/pixel_msgs/lib/libpixel_msgs__rosidl_typesupport_cpp.so
[8.120s] -- Set runtime path of "/home/ravi/capstone-drone-project/install/pixel_msgs/lib/libpixel_msgs__rosidl_typesupport_cpp.so" to ""
[8.121s] -- Installing: /home/ravi/capstone-drone-project/install/pixel_msgs/share/pixel_msgs/environment/pythonpath.sh
[8.121s] -- Installing: /home/ravi/capstone-drone-project/install/pixel_msgs/share/pixel_msgs/environment/pythonpath.dsv
[8.121s] -- Installing: /home/ravi/capstone-drone-project/install/pixel_msgs/local/lib/python3.10/dist-packages/pixel_msgs-0.0.0-py3.10.egg-info
[8.121s] -- Installing: /home/ravi/capstone-drone-project/install/pixel_msgs/local/lib/python3.10/dist-packages/pixel_msgs-0.0.0-py3.10.egg-info/top_level.txt
[8.121s] -- Installing: /home/ravi/capstone-drone-project/install/pixel_msgs/local/lib/python3.10/dist-packages/pixel_msgs-0.0.0-py3.10.egg-info/dependency_links.txt
[8.121s] -- Installing: /home/ravi/capstone-drone-project/install/pixel_msgs/local/lib/python3.10/dist-packages/pixel_msgs-0.0.0-py3.10.egg-info/SOURCES.txt
[8.123s] -- Installing: /home/ravi/capstone-drone-project/install/pixel_msgs/local/lib/python3.10/dist-packages/pixel_msgs-0.0.0-py3.10.egg-info/PKG-INFO
[8.123s] -- Installing: /home/ravi/capstone-drone-project/install/pixel_msgs/local/lib/python3.10/dist-packages/pixel_msgs
[8.124s] -- Installing: /home/ravi/capstone-drone-project/install/pixel_msgs/local/lib/python3.10/dist-packages/pixel_msgs/pixel_msgs_s__rosidl_typesupport_introspection_c.cpython-310-x86_64-linux-gnu.so
[8.124s] -- Installing: /home/ravi/capstone-drone-project/install/pixel_msgs/local/lib/python3.10/dist-packages/pixel_msgs/_pixel_msgs_s.ep.rosidl_typesupport_c.c
[8.124s] -- Installing: /home/ravi/capstone-drone-project/install/pixel_msgs/local/lib/python3.10/dist-packages/pixel_msgs/pixel_msgs_s__rosidl_typesupport_fastrtps_c.cpython-310-x86_64-linux-gnu.so
[8.125s] -- Installing: /home/ravi/capstone-drone-project/install/pixel_msgs/local/lib/python3.10/dist-packages/pixel_msgs/__init__.py
[8.125s] -- Installing: /home/ravi/capstone-drone-project/install/pixel_msgs/local/lib/python3.10/dist-packages/pixel_msgs/_pixel_msgs_s.ep.rosidl_typesupport_introspection_c.c
[8.125s] -- Installing: /home/ravi/capstone-drone-project/install/pixel_msgs/local/lib/python3.10/dist-packages/pixel_msgs/_pixel_msgs_s.ep.rosidl_typesupport_fastrtps_c.c
[8.125s] -- Installing: /home/ravi/capstone-drone-project/install/pixel_msgs/local/lib/python3.10/dist-packages/pixel_msgs/msg
[8.125s] -- Installing: /home/ravi/capstone-drone-project/install/pixel_msgs/local/lib/python3.10/dist-packages/pixel_msgs/msg/_pixel_coordinates_s.c
[8.125s] -- Installing: /home/ravi/capstone-drone-project/install/pixel_msgs/local/lib/python3.10/dist-packages/pixel_msgs/msg/_pixel_coordinates.py
[8.125s] -- Installing: /home/ravi/capstone-drone-project/install/pixel_msgs/local/lib/python3.10/dist-packages/pixel_msgs/msg/__init__.py
[8.125s] -- Installing: /home/ravi/capstone-drone-project/install/pixel_msgs/local/lib/python3.10/dist-packages/pixel_msgs/libpixel_msgs__rosidl_generator_py.so
[8.125s] -- Installing: /home/ravi/capstone-drone-project/install/pixel_msgs/local/lib/python3.10/dist-packages/pixel_msgs/pixel_msgs_s__rosidl_typesupport_c.cpython-310-x86_64-linux-gnu.so
[8.196s] Listing '/home/ravi/capstone-drone-project/install/pixel_msgs/local/lib/python3.10/dist-packages/pixel_msgs'...
[8.196s] Compiling '/home/ravi/capstone-drone-project/install/pixel_msgs/local/lib/python3.10/dist-packages/pixel_msgs/__init__.py'...
[8.196s] Listing '/home/ravi/capstone-drone-project/install/pixel_msgs/local/lib/python3.10/dist-packages/pixel_msgs/msg'...
[8.196s] Compiling '/home/ravi/capstone-drone-project/install/pixel_msgs/local/lib/python3.10/dist-packages/pixel_msgs/msg/__init__.py'...
[8.197s] Compiling '/home/ravi/capstone-drone-project/install/pixel_msgs/local/lib/python3.10/dist-packages/pixel_msgs/msg/_pixel_coordinates.py'...
[8.209s] -- Installing: /home/ravi/capstone-drone-project/install/pixel_msgs/local/lib/python3.10/dist-packages/pixel_msgs/pixel_msgs_s__rosidl_typesupport_fastrtps_c.cpython-310-x86_64-linux-gnu.so
[8.210s] -- Set runtime path of "/home/ravi/capstone-drone-project/install/pixel_msgs/local/lib/python3.10/dist-packages/pixel_msgs/pixel_msgs_s__rosidl_typesupport_fastrtps_c.cpython-310-x86_64-linux-gnu.so" to ""
[8.210s] -- Installing: /home/ravi/capstone-drone-project/install/pixel_msgs/local/lib/python3.10/dist-packages/pixel_msgs/pixel_msgs_s__rosidl_typesupport_introspection_c.cpython-310-x86_64-linux-gnu.so
[8.210s] -- Set runtime path of "/home/ravi/capstone-drone-project/install/pixel_msgs/local/lib/python3.10/dist-packages/pixel_msgs/pixel_msgs_s__rosidl_typesupport_introspection_c.cpython-310-x86_64-linux-gnu.so" to ""
[8.210s] -- Installing: /home/ravi/capstone-drone-project/install/pixel_msgs/local/lib/python3.10/dist-packages/pixel_msgs/pixel_msgs_s__rosidl_typesupport_c.cpython-310-x86_64-linux-gnu.so
[8.211s] -- Set runtime path of "/home/ravi/capstone-drone-project/install/pixel_msgs/local/lib/python3.10/dist-packages/pixel_msgs/pixel_msgs_s__rosidl_typesupport_c.cpython-310-x86_64-linux-gnu.so" to ""
[8.211s] -- Installing: /home/ravi/capstone-drone-project/install/pixel_msgs/lib/libpixel_msgs__rosidl_generator_py.so
[8.212s] -- Set runtime path of "/home/ravi/capstone-drone-project/install/pixel_msgs/lib/libpixel_msgs__rosidl_generator_py.so" to ""
[8.212s] -- Installing: /home/ravi/capstone-drone-project/install/pixel_msgs/share/pixel_msgs/msg/PixelCoordinates.idl
[8.213s] -- Installing: /home/ravi/capstone-drone-project/install/pixel_msgs/share/pixel_msgs/msg/PixelCoordinates.msg
[8.213s] -- Installing: /home/ravi/capstone-drone-project/install/pixel_msgs/share/ament_index/resource_index/package_run_dependencies/pixel_msgs
[8.213s] -- Installing: /home/ravi/capstone-drone-project/install/pixel_msgs/share/ament_index/resource_index/parent_prefix_path/pixel_msgs
[8.213s] -- Installing: /home/ravi/capstone-drone-project/install/pixel_msgs/share/pixel_msgs/environment/ament_prefix_path.sh
[8.214s] -- Installing: /home/ravi/capstone-drone-project/install/pixel_msgs/share/pixel_msgs/environment/ament_prefix_path.dsv
[8.214s] -- Installing: /home/ravi/capstone-drone-project/install/pixel_msgs/share/pixel_msgs/environment/path.sh
[8.214s] -- Installing: /home/ravi/capstone-drone-project/install/pixel_msgs/share/pixel_msgs/environment/path.dsv
[8.214s] -- Installing: /home/ravi/capstone-drone-project/install/pixel_msgs/share/pixel_msgs/local_setup.bash
[8.214s] -- Installing: /home/ravi/capstone-drone-project/install/pixel_msgs/share/pixel_msgs/local_setup.sh
[8.214s] -- Installing: /home/ravi/capstone-drone-project/install/pixel_msgs/share/pixel_msgs/local_setup.zsh
[8.215s] -- Installing: /home/ravi/capstone-drone-project/install/pixel_msgs/share/pixel_msgs/local_setup.dsv
[8.215s] -- Installing: /home/ravi/capstone-drone-project/install/pixel_msgs/share/pixel_msgs/package.dsv
[8.215s] -- Installing: /home/ravi/capstone-drone-project/install/pixel_msgs/share/ament_index/resource_index/packages/pixel_msgs
[8.215s] -- Installing: /home/ravi/capstone-drone-project/install/pixel_msgs/share/pixel_msgs/cmake/export_pixel_msgs__rosidl_generator_cExport.cmake
[8.215s] -- Installing: /home/ravi/capstone-drone-project/install/pixel_msgs/share/pixel_msgs/cmake/export_pixel_msgs__rosidl_generator_cExport-noconfig.cmake
[8.215s] -- Installing: /home/ravi/capstone-drone-project/install/pixel_msgs/share/pixel_msgs/cmake/export_pixel_msgs__rosidl_typesupport_fastrtps_cExport.cmake
[8.215s] -- Installing: /home/ravi/capstone-drone-project/install/pixel_msgs/share/pixel_msgs/cmake/export_pixel_msgs__rosidl_typesupport_fastrtps_cExport-noconfig.cmake
[8.216s] -- Installing: /home/ravi/capstone-drone-project/install/pixel_msgs/share/pixel_msgs/cmake/pixel_msgs__rosidl_typesupport_introspection_cExport.cmake
[8.216s] -- Installing: /home/ravi/capstone-drone-project/install/pixel_msgs/share/pixel_msgs/cmake/pixel_msgs__rosidl_typesupport_introspection_cExport-noconfig.cmake
[8.216s] -- Installing: /home/ravi/capstone-drone-project/install/pixel_msgs/share/pixel_msgs/cmake/pixel_msgs__rosidl_typesupport_cExport.cmake
[8.216s] -- Installing: /home/ravi/capstone-drone-project/install/pixel_msgs/share/pixel_msgs/cmake/pixel_msgs__rosidl_typesupport_cExport-noconfig.cmake
[8.216s] -- Installing: /home/ravi/capstone-drone-project/install/pixel_msgs/share/pixel_msgs/cmake/export_pixel_msgs__rosidl_generator_cppExport.cmake
[8.216s] -- Installing: /home/ravi/capstone-drone-project/install/pixel_msgs/share/pixel_msgs/cmake/export_pixel_msgs__rosidl_typesupport_fastrtps_cppExport.cmake
[8.216s] -- Installing: /home/ravi/capstone-drone-project/install/pixel_msgs/share/pixel_msgs/cmake/export_pixel_msgs__rosidl_typesupport_fastrtps_cppExport-noconfig.cmake
[8.216s] -- Installing: /home/ravi/capstone-drone-project/install/pixel_msgs/share/pixel_msgs/cmake/pixel_msgs__rosidl_typesupport_introspection_cppExport.cmake
[8.217s] -- Installing: /home/ravi/capstone-drone-project/install/pixel_msgs/share/pixel_msgs/cmake/pixel_msgs__rosidl_typesupport_introspection_cppExport-noconfig.cmake
[8.217s] -- Installing: /home/ravi/capstone-drone-project/install/pixel_msgs/share/pixel_msgs/cmake/pixel_msgs__rosidl_typesupport_cppExport.cmake
[8.217s] -- Installing: /home/ravi/capstone-drone-project/install/pixel_msgs/share/pixel_msgs/cmake/pixel_msgs__rosidl_typesupport_cppExport-noconfig.cmake
[8.217s] -- Installing: /home/ravi/capstone-drone-project/install/pixel_msgs/share/pixel_msgs/cmake/export_pixel_msgs__rosidl_generator_pyExport.cmake
[8.217s] -- Installing: /home/ravi/capstone-drone-project/install/pixel_msgs/share/pixel_msgs/cmake/export_pixel_msgs__rosidl_generator_pyExport-noconfig.cmake
[8.218s] -- Installing: /home/ravi/capstone-drone-project/install/pixel_msgs/share/pixel_msgs/cmake/rosidl_cmake-extras.cmake
[8.218s] -- Installing: /home/ravi/capstone-drone-project/install/pixel_msgs/share/pixel_msgs/cmake/ament_cmake_export_dependencies-extras.cmake
[8.218s] -- Installing: /home/ravi/capstone-drone-project/install/pixel_msgs/share/pixel_msgs/cmake/ament_cmake_export_include_directories-extras.cmake
[8.218s] -- Installing: /home/ravi/capstone-drone-project/install/pixel_msgs/share/pixel_msgs/cmake/ament_cmake_export_libraries-extras.cmake
[8.218s] -- Installing: /home/ravi/capstone-drone-project/install/pixel_msgs/share/pixel_msgs/cmake/ament_cmake_export_targets-extras.cmake
[8.218s] -- Installing: /home/ravi/capstone-drone-project/install/pixel_msgs/share/pixel_msgs/cmake/rosidl_cmake_export_typesupport_targets-extras.cmake
[8.218s] -- Installing: /home/ravi/capstone-drone-project/install/pixel_msgs/share/pixel_msgs/cmake/rosidl_cmake_export_typesupport_libraries-extras.cmake
[8.218s] -- Installing: /home/ravi/capstone-drone-project/install/pixel_msgs/share/pixel_msgs/cmake/pixel_msgsConfig.cmake
[8.219s] -- Installing: /home/ravi/capstone-drone-project/install/pixel_msgs/share/pixel_msgs/cmake/pixel_msgsConfig-version.cmake
[8.221s] -- Installing: /home/ravi/capstone-drone-project/install/pixel_msgs/share/pixel_msgs/package.xml
[8.227s] Invoked command in '/home/ravi/capstone-drone-project/build/pixel_msgs' returned '0': CMAKE_PREFIX_PATH=/opt/ros/humble /usr/bin/cmake --install /home/ravi/capstone-drone-project/build/pixel_msgs
