[0.014s] Invoking command in '/home/ravi/capstone-drone-project/build/gps_approx_pkg': AMENT_PREFIX_PATH=/home/ravi/capstone-drone-project/install/px4_msgs:/home/ravi/capstone-drone-project/install/pixel_msgs:${AMENT_PREFIX_PATH} CMAKE_PREFIX_PATH=/home/ravi/capstone-drone-project/install/px4_msgs:/home/ravi/capstone-drone-project/install/pixel_msgs:/opt/ros/humble LD_LIBRARY_PATH=/home/ravi/capstone-drone-project/install/px4_msgs/lib:/home/ravi/capstone-drone-project/install/pixel_msgs/lib:${LD_LIBRARY_PATH} PYTHONPATH=/home/ravi/capstone-drone-project/install/px4_msgs/local/lib/python3.10/dist-packages:/home/ravi/capstone-drone-project/install/pixel_msgs/local/lib/python3.10/dist-packages:${PYTHONPATH} /usr/bin/cmake /home/ravi/capstone-drone-project/ros2_ws/src/gps_approx_pkg -DCMAKE_INSTALL_PREFIX=/home/ravi/capstone-drone-project/install/gps_approx_pkg
[0.136s] -- The C compiler identification is GNU 11.4.0
[0.184s] -- The CXX compiler identification is GNU 11.4.0
[0.192s] -- Detecting C compiler ABI info
[0.240s] -- Detecting C compiler ABI info - done
[0.246s] -- Check for working C compiler: /usr/bin/cc - skipped
[0.247s] -- Detecting C compile features
[0.247s] -- Detecting C compile features - done
[0.250s] -- Detecting CXX compiler ABI info
[0.307s] -- Detecting CXX compiler ABI info - done
[0.313s] -- Check for working CXX compiler: /usr/bin/c++ - skipped
[0.313s] -- Detecting CXX compile features
[0.314s] -- Detecting CXX compile features - done
[0.321s] -- Found ament_cmake: 1.3.12 (/opt/ros/humble/share/ament_cmake/cmake)
[0.431s] -- Found Python3: /usr/bin/python3 (found version "3.10.12") found components: Interpreter 
[0.509s] -- Found rclcpp: 16.0.17 (/opt/ros/humble/share/rclcpp/cmake)
[0.546s] -- Found rosidl_generator_c: 3.1.8 (/opt/ros/humble/share/rosidl_generator_c/cmake)
[0.550s] -- Found rosidl_adapter: 3.1.8 (/opt/ros/humble/share/rosidl_adapter/cmake)
[0.557s] -- Found rosidl_generator_cpp: 3.1.8 (/opt/ros/humble/share/rosidl_generator_cpp/cmake)
[0.568s] -- Using all available rosidl_typesupport_c: rosidl_typesupport_fastrtps_c;rosidl_typesupport_introspection_c
[0.581s] -- Using all available rosidl_typesupport_cpp: rosidl_typesupport_fastrtps_cpp;rosidl_typesupport_introspection_cpp
[0.617s] -- Found rmw_implementation_cmake: 6.1.2 (/opt/ros/humble/share/rmw_implementation_cmake/cmake)
[0.619s] -- Found rmw_fastrtps_cpp: 6.2.9 (/opt/ros/humble/share/rmw_fastrtps_cpp/cmake)
[0.686s] -- Found OpenSSL: /usr/lib/x86_64-linux-gnu/libcrypto.so (found version "3.0.2")  
[0.708s] -- Found FastRTPS: /opt/ros/humble/include  
[0.737s] -- Using RMW implementation 'rmw_fastrtps_cpp' as default
[0.745s] -- Looking for pthread.h
[0.795s] -- Looking for pthread.h - found
[0.795s] -- Performing Test CMAKE_HAVE_LIBC_PTHREAD
[0.847s] -- Performing Test CMAKE_HAVE_LIBC_PTHREAD - Success
[0.848s] -- Found Threads: TRUE  
[0.891s] -- Found pixel_msgs: 0.0.0 (/home/ravi/capstone-drone-project/install/pixel_msgs/share/pixel_msgs/cmake)
[0.902s] -- Found px4_msgs: 2.0.1 (/home/ravi/capstone-drone-project/install/px4_msgs/share/px4_msgs/cmake)
[0.912s] -- Found geometry_msgs: 4.9.0 (/opt/ros/humble/share/geometry_msgs/cmake)
[1.261s] -- Found AMD headers in: /usr/include/suitesparse
[1.263s] -- Found AMD library: /usr/lib/x86_64-linux-gnu/libamd.so
[1.263s] -- Found CAMD headers in: /usr/include/suitesparse
[1.264s] -- Found CAMD library: /usr/lib/x86_64-linux-gnu/libcamd.so
[1.265s] -- Found CCOLAMD headers in: /usr/include/suitesparse
[1.265s] -- Found CCOLAMD library: /usr/lib/x86_64-linux-gnu/libccolamd.so
[1.265s] -- Found CHOLMOD headers in: /usr/include/suitesparse
[1.266s] -- Found CHOLMOD library: /usr/lib/x86_64-linux-gnu/libcholmod.so
[1.266s] -- Found COLAMD headers in: /usr/include/suitesparse
[1.267s] -- Found COLAMD library: /usr/lib/x86_64-linux-gnu/libcolamd.so
[1.267s] -- Found SPQR headers in: /usr/include/suitesparse
[1.267s] -- Found SPQR library: /usr/lib/x86_64-linux-gnu/libspqr.so
[1.268s] -- Found Config headers in: /usr/include/suitesparse
[1.268s] -- Found Config library: /usr/lib/x86_64-linux-gnu/libsuitesparseconfig.so
[1.271s] -- Found Intel Thread Building Blocks (TBB) library (2021.5 / ) include location: . Assuming SuiteSparseQR was compiled with TBB.
[1.271s] -- Looking for shm_open in rt
[1.320s] -- Looking for shm_open in rt - found
[1.320s] -- Adding librt to SuiteSparse_config libraries (required on Linux & Unix [not OSX] if SuiteSparse is compiled with timing).
[1.324s] -- Could NOT find METIS (missing: METIS_INCLUDE_DIR METIS_LIBRARY) 
[1.325s] -- Found SuiteSparse: /usr/include/suitesparse (found suitable version "5.10.1", minimum required is "5.10.1") found components: AMD CAMD CCOLAMD CHOLMOD COLAMD SPQR Config 
[1.333s] -- Found required Ceres dependency: Eigen version 3.4.0 in /usr/share/eigen3/cmake
[1.337s] -- Found required Ceres dependency: glog
[1.337s] -- Found required Ceres dependency: gflags
[1.338s] -- Found Ceres version: 2.2.0 installed in: /usr/local with components: [EigenSparse, SparseLinearAlgebraLibrary, LAPACK, SuiteSparse, SchurSpecializations]
[1.341s] -- Found ament_lint_auto: 0.12.14 (/opt/ros/humble/share/ament_lint_auto/cmake)
[1.403s] -- Added test 'cppcheck' to perform static code analysis on C / C++ code
[1.403s] -- Configured cppcheck include dirs: 
[1.403s] -- Configured cppcheck exclude dirs and/or files: 
[1.404s] -- Added test 'lint_cmake' to check CMake code style
[1.404s] -- Added test 'uncrustify' to check C / C++ code style
[1.404s] -- Configured uncrustify additional arguments: 
[1.405s] -- Added test 'xmllint' to check XML markup files
[1.406s] -- Configuring done
[1.417s] -- Generating done
[1.420s] -- Build files have been written to: /home/ravi/capstone-drone-project/build/gps_approx_pkg
[1.428s] Invoked command in '/home/ravi/capstone-drone-project/build/gps_approx_pkg' returned '0': AMENT_PREFIX_PATH=/home/ravi/capstone-drone-project/install/px4_msgs:/home/ravi/capstone-drone-project/install/pixel_msgs:${AMENT_PREFIX_PATH} CMAKE_PREFIX_PATH=/home/ravi/capstone-drone-project/install/px4_msgs:/home/ravi/capstone-drone-project/install/pixel_msgs:/opt/ros/humble LD_LIBRARY_PATH=/home/ravi/capstone-drone-project/install/px4_msgs/lib:/home/ravi/capstone-drone-project/install/pixel_msgs/lib:${LD_LIBRARY_PATH} PYTHONPATH=/home/ravi/capstone-drone-project/install/px4_msgs/local/lib/python3.10/dist-packages:/home/ravi/capstone-drone-project/install/pixel_msgs/local/lib/python3.10/dist-packages:${PYTHONPATH} /usr/bin/cmake /home/ravi/capstone-drone-project/ros2_ws/src/gps_approx_pkg -DCMAKE_INSTALL_PREFIX=/home/ravi/capstone-drone-project/install/gps_approx_pkg
[1.429s] Invoking command in '/home/ravi/capstone-drone-project/build/gps_approx_pkg': AMENT_PREFIX_PATH=/home/ravi/capstone-drone-project/install/px4_msgs:/home/ravi/capstone-drone-project/install/pixel_msgs:${AMENT_PREFIX_PATH} CMAKE_PREFIX_PATH=/home/ravi/capstone-drone-project/install/px4_msgs:/home/ravi/capstone-drone-project/install/pixel_msgs:/opt/ros/humble LD_LIBRARY_PATH=/home/ravi/capstone-drone-project/install/px4_msgs/lib:/home/ravi/capstone-drone-project/install/pixel_msgs/lib:${LD_LIBRARY_PATH} PYTHONPATH=/home/ravi/capstone-drone-project/install/px4_msgs/local/lib/python3.10/dist-packages:/home/ravi/capstone-drone-project/install/pixel_msgs/local/lib/python3.10/dist-packages:${PYTHONPATH} /usr/bin/cmake --build /home/ravi/capstone-drone-project/build/gps_approx_pkg -- -j4 -l4
[1.464s] [ 50%] [32mBuilding CXX object CMakeFiles/calc_gps_node.dir/src/CalcGPSNode.cpp.o[0m
[12.949s] [100%] [32m[1mLinking CXX executable calc_gps_node[0m
[13.627s] [100%] Built target calc_gps_node
[13.639s] Invoked command in '/home/ravi/capstone-drone-project/build/gps_approx_pkg' returned '0': AMENT_PREFIX_PATH=/home/ravi/capstone-drone-project/install/px4_msgs:/home/ravi/capstone-drone-project/install/pixel_msgs:${AMENT_PREFIX_PATH} CMAKE_PREFIX_PATH=/home/ravi/capstone-drone-project/install/px4_msgs:/home/ravi/capstone-drone-project/install/pixel_msgs:/opt/ros/humble LD_LIBRARY_PATH=/home/ravi/capstone-drone-project/install/px4_msgs/lib:/home/ravi/capstone-drone-project/install/pixel_msgs/lib:${LD_LIBRARY_PATH} PYTHONPATH=/home/ravi/capstone-drone-project/install/px4_msgs/local/lib/python3.10/dist-packages:/home/ravi/capstone-drone-project/install/pixel_msgs/local/lib/python3.10/dist-packages:${PYTHONPATH} /usr/bin/cmake --build /home/ravi/capstone-drone-project/build/gps_approx_pkg -- -j4 -l4
[13.642s] Invoking command in '/home/ravi/capstone-drone-project/build/gps_approx_pkg': AMENT_PREFIX_PATH=/home/ravi/capstone-drone-project/install/px4_msgs:/home/ravi/capstone-drone-project/install/pixel_msgs:${AMENT_PREFIX_PATH} CMAKE_PREFIX_PATH=/home/ravi/capstone-drone-project/install/px4_msgs:/home/ravi/capstone-drone-project/install/pixel_msgs:/opt/ros/humble LD_LIBRARY_PATH=/home/ravi/capstone-drone-project/install/px4_msgs/lib:/home/ravi/capstone-drone-project/install/pixel_msgs/lib:${LD_LIBRARY_PATH} PYTHONPATH=/home/ravi/capstone-drone-project/install/px4_msgs/local/lib/python3.10/dist-packages:/home/ravi/capstone-drone-project/install/pixel_msgs/local/lib/python3.10/dist-packages:${PYTHONPATH} /usr/bin/cmake --install /home/ravi/capstone-drone-project/build/gps_approx_pkg
[13.649s] -- Install configuration: ""
[13.649s] -- Installing: /home/ravi/capstone-drone-project/install/gps_approx_pkg/lib/gps_approx_pkg/calc_gps_node
[13.653s] -- Set runtime path of "/home/ravi/capstone-drone-project/install/gps_approx_pkg/lib/gps_approx_pkg/calc_gps_node" to ""
[13.653s] -- Installing: /home/ravi/capstone-drone-project/install/gps_approx_pkg/share/ament_index/resource_index/package_run_dependencies/gps_approx_pkg
[13.653s] -- Installing: /home/ravi/capstone-drone-project/install/gps_approx_pkg/share/ament_index/resource_index/parent_prefix_path/gps_approx_pkg
[13.654s] -- Installing: /home/ravi/capstone-drone-project/install/gps_approx_pkg/share/gps_approx_pkg/environment/ament_prefix_path.sh
[13.654s] -- Installing: /home/ravi/capstone-drone-project/install/gps_approx_pkg/share/gps_approx_pkg/environment/ament_prefix_path.dsv
[13.655s] -- Installing: /home/ravi/capstone-drone-project/install/gps_approx_pkg/share/gps_approx_pkg/environment/path.sh
[13.655s] -- Installing: /home/ravi/capstone-drone-project/install/gps_approx_pkg/share/gps_approx_pkg/environment/path.dsv
[13.655s] -- Installing: /home/ravi/capstone-drone-project/install/gps_approx_pkg/share/gps_approx_pkg/local_setup.bash
[13.655s] -- Installing: /home/ravi/capstone-drone-project/install/gps_approx_pkg/share/gps_approx_pkg/local_setup.sh
[13.655s] -- Installing: /home/ravi/capstone-drone-project/install/gps_approx_pkg/share/gps_approx_pkg/local_setup.zsh
[13.655s] -- Installing: /home/ravi/capstone-drone-project/install/gps_approx_pkg/share/gps_approx_pkg/local_setup.dsv
[13.656s] -- Installing: /home/ravi/capstone-drone-project/install/gps_approx_pkg/share/gps_approx_pkg/package.dsv
[13.656s] -- Installing: /home/ravi/capstone-drone-project/install/gps_approx_pkg/share/ament_index/resource_index/packages/gps_approx_pkg
[13.656s] -- Installing: /home/ravi/capstone-drone-project/install/gps_approx_pkg/share/gps_approx_pkg/cmake/gps_approx_pkgConfig.cmake
[13.656s] -- Installing: /home/ravi/capstone-drone-project/install/gps_approx_pkg/share/gps_approx_pkg/cmake/gps_approx_pkgConfig-version.cmake
[13.657s] -- Installing: /home/ravi/capstone-drone-project/install/gps_approx_pkg/share/gps_approx_pkg/package.xml
[13.659s] Invoked command in '/home/ravi/capstone-drone-project/build/gps_approx_pkg' returned '0': AMENT_PREFIX_PATH=/home/ravi/capstone-drone-project/install/px4_msgs:/home/ravi/capstone-drone-project/install/pixel_msgs:${AMENT_PREFIX_PATH} CMAKE_PREFIX_PATH=/home/ravi/capstone-drone-project/install/px4_msgs:/home/ravi/capstone-drone-project/install/pixel_msgs:/opt/ros/humble LD_LIBRARY_PATH=/home/ravi/capstone-drone-project/install/px4_msgs/lib:/home/ravi/capstone-drone-project/install/pixel_msgs/lib:${LD_LIBRARY_PATH} PYTHONPATH=/home/ravi/capstone-drone-project/install/px4_msgs/local/lib/python3.10/dist-packages:/home/ravi/capstone-drone-project/install/pixel_msgs/local/lib/python3.10/dist-packages:${PYTHONPATH} /usr/bin/cmake --install /home/ravi/capstone-drone-project/build/gps_approx_pkg
