-- The C compiler identification is GNU 11.4.0
-- The CXX compiler identification is GNU 11.4.0
-- Detecting C compiler ABI info
-- Detecting C compiler ABI info - done
-- Check for working C compiler: /usr/bin/cc - skipped
-- Detecting C compile features
-- Detecting C compile features - done
-- Detecting CXX compiler ABI info
-- Detecting CXX compiler ABI info - done
-- Check for working CXX compiler: /usr/bin/c++ - skipped
-- Detecting CXX compile features
-- Detecting CXX compile features - done
-- Found ament_cmake: 1.3.12 (/opt/ros/humble/share/ament_cmake/cmake)
-- Found Python3: /usr/bin/python3 (found version "3.10.12") found components: Interpreter 
-- Found rclcpp: 16.0.17 (/opt/ros/humble/share/rclcpp/cmake)
-- Found rosidl_generator_c: 3.1.8 (/opt/ros/humble/share/rosidl_generator_c/cmake)
-- Found rosidl_adapter: 3.1.8 (/opt/ros/humble/share/rosidl_adapter/cmake)
-- Found rosidl_generator_cpp: 3.1.8 (/opt/ros/humble/share/rosidl_generator_cpp/cmake)
-- Using all available rosidl_typesupport_c: rosidl_typesupport_fastrtps_c;rosidl_typesupport_introspection_c
-- Using all available rosidl_typesupport_cpp: rosidl_typesupport_fastrtps_cpp;rosidl_typesupport_introspection_cpp
-- Found rmw_implementation_cmake: 6.1.2 (/opt/ros/humble/share/rmw_implementation_cmake/cmake)
-- Found rmw_fastrtps_cpp: 6.2.9 (/opt/ros/humble/share/rmw_fastrtps_cpp/cmake)
-- Found OpenSSL: /usr/lib/x86_64-linux-gnu/libcrypto.so (found version "3.0.2")  
-- Found FastRTPS: /opt/ros/humble/include  
-- Using RMW implementation 'rmw_fastrtps_cpp' as default
-- Looking for pthread.h
-- Looking for pthread.h - found
-- Performing Test CMAKE_HAVE_LIBC_PTHREAD
-- Performing Test CMAKE_HAVE_LIBC_PTHREAD - Success
-- Found Threads: TRUE  
-- Found sensor_msgs: 4.9.0 (/opt/ros/humble/share/sensor_msgs/cmake)
-- Found cv_bridge: 3.2.1 (/opt/ros/humble/share/cv_bridge/cmake)
-- Found OpenCV: /usr (found version "4.5.4") 
-- Found image_transport: 3.1.12 (/opt/ros/humble/share/image_transport/cmake)
-- Found PkgConfig: /usr/bin/pkg-config (found version "0.29.2") 
-- Checking for modules 'gstreamer-1.0;gstreamer-app-1.0;gstreamer-video-1.0'
--   Found gstreamer-1.0, version 1.20.3
--   Found gstreamer-app-1.0, version 1.20.1
--   Found gstreamer-video-1.0, version 1.20.1
-- Configuring done
-- Generating done
-- Build files have been written to: /home/ravi/capstone-drone-project/build/gst_publisher_pkg
[ 50%] [32mBuilding CXX object CMakeFiles/gst_node.dir/src/gst_node.cpp.o[0m
[100%] [32m[1mLinking CXX executable gst_node[0m
[100%] Built target gst_node
-- Install configuration: ""
-- Installing: /home/ravi/capstone-drone-project/install/gst_publisher_pkg/lib/gst_publisher_pkg/gst_node
-- Set runtime path of "/home/ravi/capstone-drone-project/install/gst_publisher_pkg/lib/gst_publisher_pkg/gst_node" to ""
-- Installing: /home/ravi/capstone-drone-project/install/gst_publisher_pkg/share/ament_index/resource_index/package_run_dependencies/gst_publisher_pkg
-- Installing: /home/ravi/capstone-drone-project/install/gst_publisher_pkg/share/ament_index/resource_index/parent_prefix_path/gst_publisher_pkg
-- Installing: /home/ravi/capstone-drone-project/install/gst_publisher_pkg/share/gst_publisher_pkg/environment/ament_prefix_path.sh
-- Installing: /home/ravi/capstone-drone-project/install/gst_publisher_pkg/share/gst_publisher_pkg/environment/ament_prefix_path.dsv
-- Installing: /home/ravi/capstone-drone-project/install/gst_publisher_pkg/share/gst_publisher_pkg/environment/path.sh
-- Installing: /home/ravi/capstone-drone-project/install/gst_publisher_pkg/share/gst_publisher_pkg/environment/path.dsv
-- Installing: /home/ravi/capstone-drone-project/install/gst_publisher_pkg/share/gst_publisher_pkg/local_setup.bash
-- Installing: /home/ravi/capstone-drone-project/install/gst_publisher_pkg/share/gst_publisher_pkg/local_setup.sh
-- Installing: /home/ravi/capstone-drone-project/install/gst_publisher_pkg/share/gst_publisher_pkg/local_setup.zsh
-- Installing: /home/ravi/capstone-drone-project/install/gst_publisher_pkg/share/gst_publisher_pkg/local_setup.dsv
-- Installing: /home/ravi/capstone-drone-project/install/gst_publisher_pkg/share/gst_publisher_pkg/package.dsv
-- Installing: /home/ravi/capstone-drone-project/install/gst_publisher_pkg/share/ament_index/resource_index/packages/gst_publisher_pkg
-- Installing: /home/ravi/capstone-drone-project/install/gst_publisher_pkg/share/gst_publisher_pkg/cmake/gst_publisher_pkgConfig.cmake
-- Installing: /home/ravi/capstone-drone-project/install/gst_publisher_pkg/share/gst_publisher_pkg/cmake/gst_publisher_pkgConfig-version.cmake
-- Installing: /home/ravi/capstone-drone-project/install/gst_publisher_pkg/share/gst_publisher_pkg/package.xml
