[0.029s] Invoking command in '/home/ravi/capstone-drone-project/build/gst_publisher_pkg': CMAKE_PREFIX_PATH=/opt/ros/humble /usr/bin/cmake /home/ravi/capstone-drone-project/ros2_ws/src/gst_publisher_pkg -DCMAKE_INSTALL_PREFIX=/home/ravi/capstone-drone-project/install/gst_publisher_pkg
[0.253s] -- The C compiler identification is GNU 11.4.0
[0.387s] -- The CXX compiler identification is GNU 11.4.0
[0.397s] -- Detecting C compiler ABI info
[0.509s] -- Detecting C compiler ABI info - done
[0.520s] -- Check for working C compiler: /usr/bin/cc - skipped
[0.520s] -- Detecting C compile features
[0.523s] -- Detecting C compile features - done
[0.524s] -- Detecting CXX compiler ABI info
[0.696s] -- Detecting CXX compiler ABI info - done
[0.728s] -- Check for working CXX compiler: /usr/bin/c++ - skipped
[0.728s] -- Detecting CXX compile features
[0.736s] -- Detecting CXX compile features - done
[0.744s] -- Found ament_cmake: 1.3.12 (/opt/ros/humble/share/ament_cmake/cmake)
[1.031s] -- Found Python3: /usr/bin/python3 (found version "3.10.12") found components: Interpreter 
[1.178s] -- Found rclcpp: 16.0.17 (/opt/ros/humble/share/rclcpp/cmake)
[1.246s] -- Found rosidl_generator_c: 3.1.8 (/opt/ros/humble/share/rosidl_generator_c/cmake)
[1.252s] -- Found rosidl_adapter: 3.1.8 (/opt/ros/humble/share/rosidl_adapter/cmake)
[1.262s] -- Found rosidl_generator_cpp: 3.1.8 (/opt/ros/humble/share/rosidl_generator_cpp/cmake)
[1.277s] -- Using all available rosidl_typesupport_c: rosidl_typesupport_fastrtps_c;rosidl_typesupport_introspection_c
[1.297s] -- Using all available rosidl_typesupport_cpp: rosidl_typesupport_fastrtps_cpp;rosidl_typesupport_introspection_cpp
[1.369s] -- Found rmw_implementation_cmake: 6.1.2 (/opt/ros/humble/share/rmw_implementation_cmake/cmake)
[1.373s] -- Found rmw_fastrtps_cpp: 6.2.9 (/opt/ros/humble/share/rmw_fastrtps_cpp/cmake)
[1.510s] -- Found OpenSSL: /usr/lib/x86_64-linux-gnu/libcrypto.so (found version "3.0.2")  
[1.564s] -- Found FastRTPS: /opt/ros/humble/include  
[1.640s] -- Using RMW implementation 'rmw_fastrtps_cpp' as default
[1.662s] -- Looking for pthread.h
[1.763s] -- Looking for pthread.h - found
[1.763s] -- Performing Test CMAKE_HAVE_LIBC_PTHREAD
[1.859s] -- Performing Test CMAKE_HAVE_LIBC_PTHREAD - Success
[1.863s] -- Found Threads: TRUE  
[1.954s] -- Found sensor_msgs: 4.9.0 (/opt/ros/humble/share/sensor_msgs/cmake)
[2.026s] -- Found cv_bridge: 3.2.1 (/opt/ros/humble/share/cv_bridge/cmake)
[2.055s] -- Found OpenCV: /usr (found version "4.5.4") 
[2.058s] -- Found image_transport: 3.1.12 (/opt/ros/humble/share/image_transport/cmake)
[2.125s] -- Found PkgConfig: /usr/bin/pkg-config (found version "0.29.2") 
[2.125s] -- Checking for modules 'gstreamer-1.0;gstreamer-app-1.0;gstreamer-video-1.0'
[2.151s] --   Found gstreamer-1.0, version 1.20.3
[2.166s] --   Found gstreamer-app-1.0, version 1.20.1
[2.180s] --   Found gstreamer-video-1.0, version 1.20.1
[2.337s] -- Configuring done
[2.373s] -- Generating done
[2.380s] -- Build files have been written to: /home/ravi/capstone-drone-project/build/gst_publisher_pkg
[2.397s] Invoked command in '/home/ravi/capstone-drone-project/build/gst_publisher_pkg' returned '0': CMAKE_PREFIX_PATH=/opt/ros/humble /usr/bin/cmake /home/ravi/capstone-drone-project/ros2_ws/src/gst_publisher_pkg -DCMAKE_INSTALL_PREFIX=/home/ravi/capstone-drone-project/install/gst_publisher_pkg
[2.401s] Invoking command in '/home/ravi/capstone-drone-project/build/gst_publisher_pkg': CMAKE_PREFIX_PATH=/opt/ros/humble /usr/bin/cmake --build /home/ravi/capstone-drone-project/build/gst_publisher_pkg -- -j4 -l4
[2.481s] [ 50%] [32mBuilding CXX object CMakeFiles/gst_node.dir/src/gst_node.cpp.o[0m
[11.569s] [100%] [32m[1mLinking CXX executable gst_node[0m
[12.378s] [100%] Built target gst_node
[12.394s] Invoked command in '/home/ravi/capstone-drone-project/build/gst_publisher_pkg' returned '0': CMAKE_PREFIX_PATH=/opt/ros/humble /usr/bin/cmake --build /home/ravi/capstone-drone-project/build/gst_publisher_pkg -- -j4 -l4
[12.395s] Invoking command in '/home/ravi/capstone-drone-project/build/gst_publisher_pkg': CMAKE_PREFIX_PATH=/opt/ros/humble /usr/bin/cmake --install /home/ravi/capstone-drone-project/build/gst_publisher_pkg
[12.403s] -- Install configuration: ""
[12.403s] -- Installing: /home/ravi/capstone-drone-project/install/gst_publisher_pkg/lib/gst_publisher_pkg/gst_node
[12.403s] -- Set runtime path of "/home/ravi/capstone-drone-project/install/gst_publisher_pkg/lib/gst_publisher_pkg/gst_node" to ""
[12.404s] -- Installing: /home/ravi/capstone-drone-project/install/gst_publisher_pkg/share/ament_index/resource_index/package_run_dependencies/gst_publisher_pkg
[12.404s] -- Installing: /home/ravi/capstone-drone-project/install/gst_publisher_pkg/share/ament_index/resource_index/parent_prefix_path/gst_publisher_pkg
[12.404s] -- Installing: /home/ravi/capstone-drone-project/install/gst_publisher_pkg/share/gst_publisher_pkg/environment/ament_prefix_path.sh
[12.404s] -- Installing: /home/ravi/capstone-drone-project/install/gst_publisher_pkg/share/gst_publisher_pkg/environment/ament_prefix_path.dsv
[12.404s] -- Installing: /home/ravi/capstone-drone-project/install/gst_publisher_pkg/share/gst_publisher_pkg/environment/path.sh
[12.405s] -- Installing: /home/ravi/capstone-drone-project/install/gst_publisher_pkg/share/gst_publisher_pkg/environment/path.dsv
[12.405s] -- Installing: /home/ravi/capstone-drone-project/install/gst_publisher_pkg/share/gst_publisher_pkg/local_setup.bash
[12.406s] -- Installing: /home/ravi/capstone-drone-project/install/gst_publisher_pkg/share/gst_publisher_pkg/local_setup.sh
[12.406s] -- Installing: /home/ravi/capstone-drone-project/install/gst_publisher_pkg/share/gst_publisher_pkg/local_setup.zsh
[12.406s] -- Installing: /home/ravi/capstone-drone-project/install/gst_publisher_pkg/share/gst_publisher_pkg/local_setup.dsv
[12.406s] -- Installing: /home/ravi/capstone-drone-project/install/gst_publisher_pkg/share/gst_publisher_pkg/package.dsv
[12.408s] -- Installing: /home/ravi/capstone-drone-project/install/gst_publisher_pkg/share/ament_index/resource_index/packages/gst_publisher_pkg
[12.408s] -- Installing: /home/ravi/capstone-drone-project/install/gst_publisher_pkg/share/gst_publisher_pkg/cmake/gst_publisher_pkgConfig.cmake
[12.408s] -- Installing: /home/ravi/capstone-drone-project/install/gst_publisher_pkg/share/gst_publisher_pkg/cmake/gst_publisher_pkgConfig-version.cmake
[12.408s] -- Installing: /home/ravi/capstone-drone-project/install/gst_publisher_pkg/share/gst_publisher_pkg/package.xml
[12.409s] Invoked command in '/home/ravi/capstone-drone-project/build/gst_publisher_pkg' returned '0': CMAKE_PREFIX_PATH=/opt/ros/humble /usr/bin/cmake --install /home/ravi/capstone-drone-project/build/gst_publisher_pkg
